[2024-09-08T15:57:07.549-0300] {local_task_job_runner.py:123} INFO - ::group::Pre task execution logs
[2024-09-08T15:57:07.556-0300] {taskinstance.py:2612} INFO - Dependencies all met for dep_context=non-requeueable deps ti=<TaskInstance: spotify_dag.extract scheduled__2019-02-23T08:08:00+00:00 [queued]>
[2024-09-08T15:57:07.560-0300] {taskinstance.py:2612} INFO - Dependencies all met for dep_context=requeueable deps ti=<TaskInstance: spotify_dag.extract scheduled__2019-02-23T08:08:00+00:00 [queued]>
[2024-09-08T15:57:07.560-0300] {taskinstance.py:2865} INFO - Starting attempt 1 of 2
[2024-09-08T15:57:07.573-0300] {taskinstance.py:2888} INFO - Executing <Task(PythonOperator): extract> on 2019-02-23 08:08:00+00:00
[2024-09-08T15:57:07.576-0300] {standard_task_runner.py:72} INFO - Started process 42212 to run task
[2024-09-08T15:57:07.578-0300] {standard_task_runner.py:104} INFO - Running: ['airflow', 'tasks', 'run', 'spotify_dag', 'extract', 'scheduled__2019-02-23T08:08:00+00:00', '--job-id', '19', '--raw', '--subdir', 'DAGS_FOLDER/spotify_dag.py', '--cfg-path', '/tmp/tmp1azmtd50']
[2024-09-08T15:57:07.578-0300] {standard_task_runner.py:105} INFO - Job 19: Subtask extract
[2024-09-08T15:57:07.604-0300] {task_command.py:467} INFO - Running <TaskInstance: spotify_dag.extract scheduled__2019-02-23T08:08:00+00:00 [running]> on host kasten-Aspire-A315-54
[2024-09-08T15:57:07.647-0300] {taskinstance.py:3131} INFO - Exporting env vars: AIRFLOW_CTX_DAG_EMAIL='gabriel.kasten@outlook.com' AIRFLOW_CTX_DAG_OWNER='airflow' AIRFLOW_CTX_DAG_ID='spotify_dag' AIRFLOW_CTX_TASK_ID='extract' AIRFLOW_CTX_EXECUTION_DATE='2019-02-23T08:08:00+00:00' AIRFLOW_CTX_TRY_NUMBER='1' AIRFLOW_CTX_DAG_RUN_ID='scheduled__2019-02-23T08:08:00+00:00'
[2024-09-08T15:57:07.647-0300] {logging_mixin.py:190} INFO - Task instance is in running state
[2024-09-08T15:57:07.647-0300] {logging_mixin.py:190} INFO -  Previous state of the Task instance: queued
[2024-09-08T15:57:07.648-0300] {logging_mixin.py:190} INFO - Current task name:extract state:running start_date:2024-09-08 18:57:07.556701+00:00
[2024-09-08T15:57:07.648-0300] {logging_mixin.py:190} INFO - Dag name:spotify_dag and current dag run status:running
[2024-09-08T15:57:07.648-0300] {taskinstance.py:731} INFO - ::endgroup::
[2024-09-08T15:57:07.648-0300] {logging_mixin.py:190} INFO - Do Something
[2024-09-08T15:57:07.649-0300] {python.py:240} INFO - Done. Returned value was: None
[2024-09-08T15:57:07.652-0300] {taskinstance.py:340} INFO - ::group::Post task execution logs
[2024-09-08T15:57:07.652-0300] {taskinstance.py:352} INFO - Marking task as SUCCESS. dag_id=spotify_dag, task_id=extract, run_id=scheduled__2019-02-23T08:08:00+00:00, execution_date=20190223T080800, start_date=20240908T185707, end_date=20240908T185707
[2024-09-08T15:57:07.662-0300] {logging_mixin.py:190} INFO - Task instance in success state
[2024-09-08T15:57:07.662-0300] {logging_mixin.py:190} INFO -  Previous state of the Task instance: running
[2024-09-08T15:57:07.662-0300] {logging_mixin.py:190} INFO - Dag name:spotify_dag queued_at:2024-09-08 18:57:05.877676+00:00
[2024-09-08T15:57:07.663-0300] {logging_mixin.py:190} INFO - Task hostname:kasten-Aspire-A315-54 operator:PythonOperator
[2024-09-08T15:57:07.670-0300] {local_task_job_runner.py:266} INFO - Task exited with return code 0
[2024-09-08T15:57:07.678-0300] {taskinstance.py:3900} INFO - 0 downstream tasks scheduled from follow-on schedule check
[2024-09-08T15:57:07.679-0300] {local_task_job_runner.py:245} INFO - ::endgroup::
