[2024-09-08T16:45:29.223-0300] {local_task_job_runner.py:123} INFO - ::group::Pre task execution logs
[2024-09-08T16:45:29.228-0300] {taskinstance.py:2612} INFO - Dependencies all met for dep_context=non-requeueable deps ti=<TaskInstance: spotify_dag.extract scheduled__2019-09-11T09:01:00+00:00 [queued]>
[2024-09-08T16:45:29.232-0300] {taskinstance.py:2612} INFO - Dependencies all met for dep_context=requeueable deps ti=<TaskInstance: spotify_dag.extract scheduled__2019-09-11T09:01:00+00:00 [queued]>
[2024-09-08T16:45:29.232-0300] {taskinstance.py:2865} INFO - Starting attempt 1 of 2
[2024-09-08T16:45:29.245-0300] {taskinstance.py:2888} INFO - Executing <Task(PythonOperator): extract> on 2019-09-11 09:01:00+00:00
[2024-09-08T16:45:29.252-0300] {standard_task_runner.py:104} INFO - Running: ['airflow', 'tasks', 'run', 'spotify_dag', 'extract', 'scheduled__2019-09-11T09:01:00+00:00', '--job-id', '654', '--raw', '--subdir', 'DAGS_FOLDER/spotify_dag.py', '--cfg-path', '/tmp/tmpq0tqgcg2']
[2024-09-08T16:45:29.253-0300] {standard_task_runner.py:105} INFO - Job 654: Subtask extract
[2024-09-08T16:45:29.254-0300] {logging_mixin.py:190} WARNING - /home/kasten/.local/lib/python3.12/site-packages/airflow/task/task_runner/standard_task_runner.py:70 DeprecationWarning: This process (pid=76944) is multi-threaded, use of fork() may lead to deadlocks in the child.
[2024-09-08T16:45:29.255-0300] {standard_task_runner.py:72} INFO - Started process 76956 to run task
[2024-09-08T16:45:29.278-0300] {task_command.py:467} INFO - Running <TaskInstance: spotify_dag.extract scheduled__2019-09-11T09:01:00+00:00 [running]> on host kasten-Aspire-A315-54
[2024-09-08T16:45:29.328-0300] {taskinstance.py:3131} INFO - Exporting env vars: AIRFLOW_CTX_DAG_EMAIL='gabriel.kasten@outlook.com' AIRFLOW_CTX_DAG_OWNER='airflow' AIRFLOW_CTX_DAG_ID='spotify_dag' AIRFLOW_CTX_TASK_ID='extract' AIRFLOW_CTX_EXECUTION_DATE='2019-09-11T09:01:00+00:00' AIRFLOW_CTX_TRY_NUMBER='1' AIRFLOW_CTX_DAG_RUN_ID='scheduled__2019-09-11T09:01:00+00:00'
[2024-09-08T16:45:29.329-0300] {logging_mixin.py:190} INFO - Task instance is in running state
[2024-09-08T16:45:29.329-0300] {logging_mixin.py:190} INFO -  Previous state of the Task instance: queued
[2024-09-08T16:45:29.329-0300] {logging_mixin.py:190} INFO - Current task name:extract state:running start_date:2024-09-08 19:45:29.229005+00:00
[2024-09-08T16:45:29.330-0300] {logging_mixin.py:190} INFO - Dag name:spotify_dag and current dag run status:running
[2024-09-08T16:45:29.330-0300] {taskinstance.py:731} INFO - ::endgroup::
[2024-09-08T16:45:29.757-0300] {logging_mixin.py:190} INFO - Data valid, proceed to Load stage
[2024-09-08T16:45:29.758-0300] {logging_mixin.py:190} INFO - Opened database successfully
[2024-09-08T16:45:29.769-0300] {logging_mixin.py:190} INFO - Close database successfully
[2024-09-08T16:45:29.770-0300] {python.py:240} INFO - Done. Returned value was: None
[2024-09-08T16:45:29.774-0300] {taskinstance.py:340} INFO - ::group::Post task execution logs
[2024-09-08T16:45:29.774-0300] {taskinstance.py:352} INFO - Marking task as SUCCESS. dag_id=spotify_dag, task_id=extract, run_id=scheduled__2019-09-11T09:01:00+00:00, execution_date=20190911T090100, start_date=20240908T194529, end_date=20240908T194529
[2024-09-08T16:45:29.783-0300] {logging_mixin.py:190} INFO - Task instance in success state
[2024-09-08T16:45:29.783-0300] {logging_mixin.py:190} INFO -  Previous state of the Task instance: running
[2024-09-08T16:45:29.783-0300] {logging_mixin.py:190} INFO - Dag name:spotify_dag queued_at:2024-09-08 19:45:27.626443+00:00
[2024-09-08T16:45:29.783-0300] {logging_mixin.py:190} INFO - Task hostname:kasten-Aspire-A315-54 operator:PythonOperator
[2024-09-08T16:45:29.792-0300] {local_task_job_runner.py:266} INFO - Task exited with return code 0
[2024-09-08T16:45:29.798-0300] {taskinstance.py:3900} INFO - 0 downstream tasks scheduled from follow-on schedule check
[2024-09-08T16:45:29.799-0300] {local_task_job_runner.py:245} INFO - ::endgroup::
