[2024-09-08T16:52:42.363-0300] {local_task_job_runner.py:123} INFO - ::group::Pre task execution logs
[2024-09-08T16:52:42.368-0300] {taskinstance.py:2612} INFO - Dependencies all met for dep_context=non-requeueable deps ti=<TaskInstance: spotify_dag.extract scheduled__2020-01-11T09:01:00+00:00 [queued]>
[2024-09-08T16:52:42.372-0300] {taskinstance.py:2612} INFO - Dependencies all met for dep_context=requeueable deps ti=<TaskInstance: spotify_dag.extract scheduled__2020-01-11T09:01:00+00:00 [queued]>
[2024-09-08T16:52:42.372-0300] {taskinstance.py:2865} INFO - Starting attempt 1 of 2
[2024-09-08T16:52:42.383-0300] {taskinstance.py:2888} INFO - Executing <Task(PythonOperator): extract> on 2020-01-11 09:01:00+00:00
[2024-09-08T16:52:42.390-0300] {standard_task_runner.py:104} INFO - Running: ['airflow', 'tasks', 'run', 'spotify_dag', 'extract', 'scheduled__2020-01-11T09:01:00+00:00', '--job-id', '776', '--raw', '--subdir', 'DAGS_FOLDER/spotify_dag.py', '--cfg-path', '/tmp/tmp221az_zh']
[2024-09-08T16:52:42.391-0300] {standard_task_runner.py:105} INFO - Job 776: Subtask extract
[2024-09-08T16:52:42.392-0300] {logging_mixin.py:190} WARNING - /home/kasten/.local/lib/python3.12/site-packages/airflow/task/task_runner/standard_task_runner.py:70 DeprecationWarning: This process (pid=82893) is multi-threaded, use of fork() may lead to deadlocks in the child.
[2024-09-08T16:52:42.393-0300] {standard_task_runner.py:72} INFO - Started process 82942 to run task
[2024-09-08T16:52:42.415-0300] {task_command.py:467} INFO - Running <TaskInstance: spotify_dag.extract scheduled__2020-01-11T09:01:00+00:00 [running]> on host kasten-Aspire-A315-54
[2024-09-08T16:52:42.463-0300] {taskinstance.py:3131} INFO - Exporting env vars: AIRFLOW_CTX_DAG_EMAIL='gabriel.kasten@outlook.com' AIRFLOW_CTX_DAG_OWNER='airflow' AIRFLOW_CTX_DAG_ID='spotify_dag' AIRFLOW_CTX_TASK_ID='extract' AIRFLOW_CTX_EXECUTION_DATE='2020-01-11T09:01:00+00:00' AIRFLOW_CTX_TRY_NUMBER='1' AIRFLOW_CTX_DAG_RUN_ID='scheduled__2020-01-11T09:01:00+00:00'
[2024-09-08T16:52:42.464-0300] {logging_mixin.py:190} INFO - Task instance is in running state
[2024-09-08T16:52:42.464-0300] {logging_mixin.py:190} INFO -  Previous state of the Task instance: queued
[2024-09-08T16:52:42.464-0300] {logging_mixin.py:190} INFO - Current task name:extract state:running start_date:2024-09-08 19:52:42.368823+00:00
[2024-09-08T16:52:42.464-0300] {logging_mixin.py:190} INFO - Dag name:spotify_dag and current dag run status:running
[2024-09-08T16:52:42.464-0300] {taskinstance.py:731} INFO - ::endgroup::
[2024-09-08T16:52:42.853-0300] {logging_mixin.py:190} INFO - Data valid, proceed to Load stage
[2024-09-08T16:52:42.854-0300] {logging_mixin.py:190} INFO - Opened database successfully
[2024-09-08T16:52:42.862-0300] {logging_mixin.py:190} INFO - Close database successfully
[2024-09-08T16:52:42.863-0300] {python.py:240} INFO - Done. Returned value was: None
[2024-09-08T16:52:42.867-0300] {taskinstance.py:340} INFO - ::group::Post task execution logs
[2024-09-08T16:52:42.867-0300] {taskinstance.py:352} INFO - Marking task as SUCCESS. dag_id=spotify_dag, task_id=extract, run_id=scheduled__2020-01-11T09:01:00+00:00, execution_date=20200111T090100, start_date=20240908T195242, end_date=20240908T195242
[2024-09-08T16:52:42.878-0300] {logging_mixin.py:190} INFO - Task instance in success state
[2024-09-08T16:52:42.878-0300] {logging_mixin.py:190} INFO -  Previous state of the Task instance: running
[2024-09-08T16:52:42.878-0300] {logging_mixin.py:190} INFO - Dag name:spotify_dag queued_at:2024-09-08 19:52:40.783261+00:00
[2024-09-08T16:52:42.878-0300] {logging_mixin.py:190} INFO - Task hostname:kasten-Aspire-A315-54 operator:PythonOperator
[2024-09-08T16:52:42.888-0300] {local_task_job_runner.py:266} INFO - Task exited with return code 0
[2024-09-08T16:52:42.895-0300] {taskinstance.py:3900} INFO - 0 downstream tasks scheduled from follow-on schedule check
[2024-09-08T16:52:42.895-0300] {local_task_job_runner.py:245} INFO - ::endgroup::
