[2024-09-09T00:51:46.059-0300] {manager.py:486} INFO - Processing files using up to 1 processes at a time 
[2024-09-09T00:51:46.060-0300] {manager.py:487} INFO - Process each file at most once every 30 seconds
[2024-09-09T00:51:46.060-0300] {manager.py:488} INFO - Checking for new files in /home/kasten/airflow/dags every 300 seconds
[2024-09-09T00:51:46.060-0300] {manager.py:832} INFO - Searching for files in /home/kasten/airflow/dags
[2024-09-09T00:51:46.061-0300] {manager.py:835} INFO - There are 1 files in /home/kasten/airflow/dags
[2024-09-09T00:51:46.520-0300] {manager.py:1008} INFO - 
================================================================================
DAG File Processing Stats

File Path                                       PID    Runtime      # DAGs    # Errors  Last Runtime    Last Run               Last # of DB Queries
----------------------------------------------  -----  ---------  --------  ----------  --------------  -------------------  ----------------------
/home/kasten/airflow/dags/daily_weather_dag.py                           0           1  0.40s           2024-09-09T03:51:46                       3
================================================================================
[2024-09-09T00:52:17.652-0300] {manager.py:1008} INFO - 
================================================================================
DAG File Processing Stats

File Path                                       PID    Runtime      # DAGs    # Errors  Last Runtime    Last Run               Last # of DB Queries
----------------------------------------------  -----  ---------  --------  ----------  --------------  -------------------  ----------------------
/home/kasten/airflow/dags/daily_weather_dag.py                           0           1  0.41s           2024-09-09T03:52:17                       5
================================================================================
[2024-09-09T00:52:48.880-0300] {manager.py:1008} INFO - 
================================================================================
DAG File Processing Stats

File Path                                       PID    Runtime      # DAGs    # Errors  Last Runtime    Last Run               Last # of DB Queries
----------------------------------------------  -----  ---------  --------  ----------  --------------  -------------------  ----------------------
/home/kasten/airflow/dags/daily_weather_dag.py                           0           1  0.40s           2024-09-09T03:52:48                       5
================================================================================
[2024-09-09T00:53:20.123-0300] {manager.py:1008} INFO - 
================================================================================
DAG File Processing Stats

File Path                                       PID    Runtime      # DAGs    # Errors  Last Runtime    Last Run               Last # of DB Queries
----------------------------------------------  -----  ---------  --------  ----------  --------------  -------------------  ----------------------
/home/kasten/airflow/dags/daily_weather_dag.py                           0           1  0.40s           2024-09-09T03:53:20                       5
================================================================================
[2024-09-09T00:53:51.373-0300] {manager.py:1008} INFO - 
================================================================================
DAG File Processing Stats

File Path                                       PID    Runtime      # DAGs    # Errors  Last Runtime    Last Run               Last # of DB Queries
----------------------------------------------  -----  ---------  --------  ----------  --------------  -------------------  ----------------------
/home/kasten/airflow/dags/daily_weather_dag.py                           0           1  0.40s           2024-09-09T03:53:51                       5
================================================================================
[2024-09-09T00:54:22.511-0300] {manager.py:1008} INFO - 
================================================================================
DAG File Processing Stats

File Path                                       PID    Runtime      # DAGs    # Errors  Last Runtime    Last Run               Last # of DB Queries
----------------------------------------------  -----  ---------  --------  ----------  --------------  -------------------  ----------------------
/home/kasten/airflow/dags/daily_weather_dag.py                           0           1  0.40s           2024-09-09T03:54:22                       5
================================================================================
[2024-09-09T00:54:52.732-0300] {manager.py:1008} INFO - 
================================================================================
DAG File Processing Stats

File Path                                       PID    Runtime      # DAGs    # Errors  Last Runtime    Last Run               Last # of DB Queries
----------------------------------------------  -----  ---------  --------  ----------  --------------  -------------------  ----------------------
/home/kasten/airflow/dags/daily_weather_dag.py                           0           1  0.40s           2024-09-09T03:54:44                       5
================================================================================
[2024-09-09T00:55:22.836-0300] {manager.py:1008} INFO - 
================================================================================
DAG File Processing Stats

File Path                                       PID    Runtime      # DAGs    # Errors  Last Runtime    Last Run               Last # of DB Queries
----------------------------------------------  -----  ---------  --------  ----------  --------------  -------------------  ----------------------
/home/kasten/airflow/dags/daily_weather_dag.py                           0           1  0.40s           2024-09-09T03:55:22                       5
================================================================================
[2024-09-09T00:55:53.186-0300] {manager.py:1008} INFO - 
================================================================================
DAG File Processing Stats

File Path                                       PID    Runtime      # DAGs    # Errors  Last Runtime    Last Run               Last # of DB Queries
----------------------------------------------  -----  ---------  --------  ----------  --------------  -------------------  ----------------------
/home/kasten/airflow/dags/daily_weather_dag.py                           0           1  0.51s           2024-09-09T03:55:27                       5
================================================================================
[2024-09-09T00:56:23.403-0300] {manager.py:1008} INFO - 
================================================================================
DAG File Processing Stats

File Path                                       PID    Runtime      # DAGs    # Errors  Last Runtime    Last Run               Last # of DB Queries
----------------------------------------------  -----  ---------  --------  ----------  --------------  -------------------  ----------------------
/home/kasten/airflow/dags/daily_weather_dag.py                           0           1  0.40s           2024-09-09T03:55:57                       5
================================================================================
[2024-09-09T00:56:46.135-0300] {manager.py:832} INFO - Searching for files in /home/kasten/airflow/dags
[2024-09-09T00:56:46.136-0300] {manager.py:835} INFO - There are 1 files in /home/kasten/airflow/dags
[2024-09-09T00:56:53.623-0300] {manager.py:1008} INFO - 
================================================================================
DAG File Processing Stats

File Path                                       PID    Runtime      # DAGs    # Errors  Last Runtime    Last Run               Last # of DB Queries
----------------------------------------------  -----  ---------  --------  ----------  --------------  -------------------  ----------------------
/home/kasten/airflow/dags/daily_weather_dag.py                           0           1  0.40s           2024-09-09T03:56:28                       5
================================================================================
[2024-09-09T00:57:23.851-0300] {manager.py:1008} INFO - 
================================================================================
DAG File Processing Stats

File Path                                       PID    Runtime      # DAGs    # Errors  Last Runtime    Last Run               Last # of DB Queries
----------------------------------------------  -----  ---------  --------  ----------  --------------  -------------------  ----------------------
/home/kasten/airflow/dags/daily_weather_dag.py                           0           1  0.40s           2024-09-09T03:56:58                       5
================================================================================
[2024-09-09T00:57:54.271-0300] {manager.py:1008} INFO - 
================================================================================
DAG File Processing Stats

File Path                                       PID    Runtime      # DAGs    # Errors  Last Runtime    Last Run               Last # of DB Queries
----------------------------------------------  -----  ---------  --------  ----------  --------------  -------------------  ----------------------
/home/kasten/airflow/dags/daily_weather_dag.py                           0           1  0.40s           2024-09-09T03:57:47                       5
================================================================================
[2024-09-09T00:58:24.484-0300] {manager.py:1008} INFO - 
================================================================================
DAG File Processing Stats

File Path                                       PID    Runtime      # DAGs    # Errors  Last Runtime    Last Run               Last # of DB Queries
----------------------------------------------  -----  ---------  --------  ----------  --------------  -------------------  ----------------------
/home/kasten/airflow/dags/daily_weather_dag.py                           0           1  0.40s           2024-09-09T03:58:01                       5
================================================================================
[2024-09-09T00:58:54.699-0300] {manager.py:1008} INFO - 
================================================================================
DAG File Processing Stats

File Path                                       PID    Runtime      # DAGs    # Errors  Last Runtime    Last Run               Last # of DB Queries
----------------------------------------------  -----  ---------  --------  ----------  --------------  -------------------  ----------------------
/home/kasten/airflow/dags/daily_weather_dag.py                           0           1  0.40s           2024-09-09T03:58:33                       5
================================================================================
[2024-09-09T00:59:24.810-0300] {manager.py:1008} INFO - 
================================================================================
DAG File Processing Stats

File Path                                       PID    Runtime      # DAGs    # Errors  Last Runtime    Last Run               Last # of DB Queries
----------------------------------------------  -----  ---------  --------  ----------  --------------  -------------------  ----------------------
/home/kasten/airflow/dags/daily_weather_dag.py                           0           0  0.40s           2024-09-09T03:59:20                       3
================================================================================
[2024-09-09T00:59:55.437-0300] {manager.py:1008} INFO - 
================================================================================
DAG File Processing Stats

File Path                                       PID    Runtime      # DAGs    # Errors  Last Runtime    Last Run               Last # of DB Queries
----------------------------------------------  -----  ---------  --------  ----------  --------------  -------------------  ----------------------
/home/kasten/airflow/dags/daily_weather_dag.py                           0           0  0.40s           2024-09-09T03:59:52                       3
================================================================================
[2024-09-09T01:00:07.414-0300] {manager.py:468} INFO - Exiting gracefully upon receiving signal 15
[2024-09-09T01:00:18.041-0300] {manager.py:486} INFO - Processing files using up to 1 processes at a time 
[2024-09-09T01:00:18.041-0300] {manager.py:487} INFO - Process each file at most once every 30 seconds
[2024-09-09T01:00:18.042-0300] {manager.py:488} INFO - Checking for new files in /home/kasten/airflow/dags every 300 seconds
[2024-09-09T01:00:18.042-0300] {manager.py:832} INFO - Searching for files in /home/kasten/airflow/dags
[2024-09-09T01:00:18.044-0300] {manager.py:835} INFO - There are 1 files in /home/kasten/airflow/dags
[2024-09-09T01:00:18.487-0300] {manager.py:1008} INFO - 
================================================================================
DAG File Processing Stats

File Path                                       PID    Runtime      # DAGs    # Errors  Last Runtime    Last Run               Last # of DB Queries
----------------------------------------------  -----  ---------  --------  ----------  --------------  -------------------  ----------------------
/home/kasten/airflow/dags/daily_weather_dag.py                           0           0  0.40s           2024-09-09T04:00:18                       3
================================================================================
[2024-09-09T01:00:49.661-0300] {manager.py:1008} INFO - 
================================================================================
DAG File Processing Stats

File Path                                       PID    Runtime      # DAGs    # Errors  Last Runtime    Last Run               Last # of DB Queries
----------------------------------------------  -----  ---------  --------  ----------  --------------  -------------------  ----------------------
/home/kasten/airflow/dags/daily_weather_dag.py                           0           0  0.40s           2024-09-09T04:00:49                       3
================================================================================
[2024-09-09T01:01:20.818-0300] {manager.py:1008} INFO - 
================================================================================
DAG File Processing Stats

File Path                                       PID    Runtime      # DAGs    # Errors  Last Runtime    Last Run               Last # of DB Queries
----------------------------------------------  -----  ---------  --------  ----------  --------------  -------------------  ----------------------
/home/kasten/airflow/dags/daily_weather_dag.py                           0           0  0.31s           2024-09-09T04:01:20                       3
================================================================================
[2024-09-09T01:01:51.747-0300] {manager.py:1008} INFO - 
================================================================================
DAG File Processing Stats

File Path                                       PID    Runtime      # DAGs    # Errors  Last Runtime    Last Run               Last # of DB Queries
----------------------------------------------  -----  ---------  --------  ----------  --------------  -------------------  ----------------------
/home/kasten/airflow/dags/daily_weather_dag.py                           0           0  0.40s           2024-09-09T04:01:46                       3
================================================================================
[2024-09-09T01:02:21.965-0300] {manager.py:1008} INFO - 
================================================================================
DAG File Processing Stats

File Path                                       PID    Runtime      # DAGs    # Errors  Last Runtime    Last Run               Last # of DB Queries
----------------------------------------------  -----  ---------  --------  ----------  --------------  -------------------  ----------------------
/home/kasten/airflow/dags/daily_weather_dag.py                           0           0  0.40s           2024-09-09T04:02:17                       3
================================================================================
[2024-09-09T01:02:52.167-0300] {manager.py:1008} INFO - 
================================================================================
DAG File Processing Stats

File Path                                       PID    Runtime      # DAGs    # Errors  Last Runtime    Last Run               Last # of DB Queries
----------------------------------------------  -----  ---------  --------  ----------  --------------  -------------------  ----------------------
/home/kasten/airflow/dags/daily_weather_dag.py                           0           0  0.31s           2024-09-09T04:02:48                       3
================================================================================
[2024-09-09T01:03:22.381-0300] {manager.py:1008} INFO - 
================================================================================
DAG File Processing Stats

File Path                                       PID    Runtime      # DAGs    # Errors  Last Runtime    Last Run               Last # of DB Queries
----------------------------------------------  -----  ---------  --------  ----------  --------------  -------------------  ----------------------
/home/kasten/airflow/dags/daily_weather_dag.py                           0           0  0.40s           2024-09-09T04:03:18                       3
================================================================================
[2024-09-09T01:03:52.739-0300] {manager.py:1008} INFO - 
================================================================================
DAG File Processing Stats

File Path                                       PID    Runtime      # DAGs    # Errors  Last Runtime    Last Run               Last # of DB Queries
----------------------------------------------  -----  ---------  --------  ----------  --------------  -------------------  ----------------------
/home/kasten/airflow/dags/daily_weather_dag.py                           0           0  0.40s           2024-09-09T04:03:37                       3
================================================================================
[2024-09-09T01:04:14.632-0300] {manager.py:468} INFO - Exiting gracefully upon receiving signal 15
[2024-09-09T01:04:17.924-0300] {manager.py:486} INFO - Processing files using up to 1 processes at a time 
[2024-09-09T01:04:17.924-0300] {manager.py:487} INFO - Process each file at most once every 30 seconds
[2024-09-09T01:04:17.925-0300] {manager.py:488} INFO - Checking for new files in /home/kasten/airflow/dags every 300 seconds
[2024-09-09T01:04:17.925-0300] {manager.py:832} INFO - Searching for files in /home/kasten/airflow/dags
[2024-09-09T01:04:17.926-0300] {manager.py:835} INFO - There are 1 files in /home/kasten/airflow/dags
[2024-09-09T01:04:18.475-0300] {manager.py:1008} INFO - 
================================================================================
DAG File Processing Stats

File Path                                       PID    Runtime      # DAGs    # Errors  Last Runtime    Last Run               Last # of DB Queries
----------------------------------------------  -----  ---------  --------  ----------  --------------  -------------------  ----------------------
/home/kasten/airflow/dags/daily_weather_dag.py                           0           0  0.50s           2024-09-09T04:04:18                       3
================================================================================
[2024-09-09T01:04:49.588-0300] {manager.py:1008} INFO - 
================================================================================
DAG File Processing Stats

File Path                                       PID    Runtime      # DAGs    # Errors  Last Runtime    Last Run               Last # of DB Queries
----------------------------------------------  -----  ---------  --------  ----------  --------------  -------------------  ----------------------
/home/kasten/airflow/dags/daily_weather_dag.py                           0           0  0.40s           2024-09-09T04:04:49                       3
================================================================================
[2024-09-09T01:05:20.539-0300] {manager.py:1008} INFO - 
================================================================================
DAG File Processing Stats

File Path                                       PID    Runtime      # DAGs    # Errors  Last Runtime    Last Run               Last # of DB Queries
----------------------------------------------  -----  ---------  --------  ----------  --------------  -------------------  ----------------------
/home/kasten/airflow/dags/daily_weather_dag.py                           0           0  0.40s           2024-09-09T04:05:11                       3
================================================================================
[2024-09-09T01:05:50.763-0300] {manager.py:1008} INFO - 
================================================================================
DAG File Processing Stats

File Path                                       PID    Runtime      # DAGs    # Errors  Last Runtime    Last Run               Last # of DB Queries
----------------------------------------------  -----  ---------  --------  ----------  --------------  -------------------  ----------------------
/home/kasten/airflow/dags/daily_weather_dag.py                           0           0  0.40s           2024-09-09T04:05:48                       3
================================================================================
[2024-09-09T01:06:20.982-0300] {manager.py:1008} INFO - 
================================================================================
DAG File Processing Stats

File Path                                       PID    Runtime      # DAGs    # Errors  Last Runtime    Last Run               Last # of DB Queries
----------------------------------------------  -----  ---------  --------  ----------  --------------  -------------------  ----------------------
/home/kasten/airflow/dags/daily_weather_dag.py                           0           0  0.40s           2024-09-09T04:06:15                       3
================================================================================
[2024-09-09T01:06:51.190-0300] {manager.py:1008} INFO - 
================================================================================
DAG File Processing Stats

File Path                                       PID    Runtime      # DAGs    # Errors  Last Runtime    Last Run               Last # of DB Queries
----------------------------------------------  -----  ---------  --------  ----------  --------------  -------------------  ----------------------
/home/kasten/airflow/dags/daily_weather_dag.py                           0           0  0.40s           2024-09-09T04:06:46                       3
================================================================================
[2024-09-09T01:07:21.410-0300] {manager.py:1008} INFO - 
================================================================================
DAG File Processing Stats

File Path                                       PID    Runtime      # DAGs    # Errors  Last Runtime    Last Run               Last # of DB Queries
----------------------------------------------  -----  ---------  --------  ----------  --------------  -------------------  ----------------------
/home/kasten/airflow/dags/daily_weather_dag.py                           0           0  0.40s           2024-09-09T04:07:17                       3
================================================================================
[2024-09-09T01:07:51.621-0300] {manager.py:1008} INFO - 
================================================================================
DAG File Processing Stats

File Path                                       PID    Runtime      # DAGs    # Errors  Last Runtime    Last Run               Last # of DB Queries
----------------------------------------------  -----  ---------  --------  ----------  --------------  -------------------  ----------------------
/home/kasten/airflow/dags/daily_weather_dag.py                           0           0  0.31s           2024-09-09T04:07:48                       3
================================================================================
[2024-09-09T01:08:21.847-0300] {manager.py:1008} INFO - 
================================================================================
DAG File Processing Stats

File Path                                       PID    Runtime      # DAGs    # Errors  Last Runtime    Last Run               Last # of DB Queries
----------------------------------------------  -----  ---------  --------  ----------  --------------  -------------------  ----------------------
/home/kasten/airflow/dags/daily_weather_dag.py                           0           0  0.40s           2024-09-09T04:08:19                       3
================================================================================
[2024-09-09T01:08:52.066-0300] {manager.py:1008} INFO - 
================================================================================
DAG File Processing Stats

File Path                                       PID    Runtime      # DAGs    # Errors  Last Runtime    Last Run               Last # of DB Queries
----------------------------------------------  -----  ---------  --------  ----------  --------------  -------------------  ----------------------
/home/kasten/airflow/dags/daily_weather_dag.py                           0           0  0.40s           2024-09-09T04:08:49                       3
================================================================================
[2024-09-09T01:09:18.001-0300] {manager.py:832} INFO - Searching for files in /home/kasten/airflow/dags
[2024-09-09T01:09:18.002-0300] {manager.py:835} INFO - There are 1 files in /home/kasten/airflow/dags
[2024-09-09T01:09:22.789-0300] {manager.py:1008} INFO - 
================================================================================
DAG File Processing Stats

File Path                                       PID    Runtime      # DAGs    # Errors  Last Runtime    Last Run               Last # of DB Queries
----------------------------------------------  -----  ---------  --------  ----------  --------------  -------------------  ----------------------
/home/kasten/airflow/dags/daily_weather_dag.py                           0           0  0.40s           2024-09-09T04:09:22                       3
================================================================================
[2024-09-09T01:09:54.029-0300] {manager.py:1008} INFO - 
================================================================================
DAG File Processing Stats

File Path                                       PID    Runtime      # DAGs    # Errors  Last Runtime    Last Run               Last # of DB Queries
----------------------------------------------  -----  ---------  --------  ----------  --------------  -------------------  ----------------------
/home/kasten/airflow/dags/daily_weather_dag.py                           0           0  0.40s           2024-09-09T04:09:54                       3
================================================================================
[2024-09-09T01:10:25.169-0300] {manager.py:1008} INFO - 
================================================================================
DAG File Processing Stats

File Path                                       PID    Runtime      # DAGs    # Errors  Last Runtime    Last Run               Last # of DB Queries
----------------------------------------------  -----  ---------  --------  ----------  --------------  -------------------  ----------------------
/home/kasten/airflow/dags/daily_weather_dag.py                           0           0  0.31s           2024-09-09T04:10:25                       3
================================================================================
[2024-09-09T01:10:55.199-0300] {manager.py:1008} INFO - 
================================================================================
DAG File Processing Stats

File Path                                       PID    Runtime      # DAGs    # Errors  Last Runtime    Last Run               Last # of DB Queries
----------------------------------------------  -----  ---------  --------  ----------  --------------  -------------------  ----------------------
/home/kasten/airflow/dags/daily_weather_dag.py                           1           0  0.50s           2024-09-09T04:10:45                      11
================================================================================
[2024-09-09T01:11:25.539-0300] {manager.py:1008} INFO - 
================================================================================
DAG File Processing Stats

File Path                                       PID    Runtime      # DAGs    # Errors  Last Runtime    Last Run               Last # of DB Queries
----------------------------------------------  -----  ---------  --------  ----------  --------------  -------------------  ----------------------
/home/kasten/airflow/dags/daily_weather_dag.py                           1           0  0.40s           2024-09-09T04:10:58                      11
================================================================================
[2024-09-09T01:11:55.760-0300] {manager.py:1008} INFO - 
================================================================================
DAG File Processing Stats

File Path                                       PID    Runtime      # DAGs    # Errors  Last Runtime    Last Run               Last # of DB Queries
----------------------------------------------  -----  ---------  --------  ----------  --------------  -------------------  ----------------------
/home/kasten/airflow/dags/daily_weather_dag.py                           1           0  0.50s           2024-09-09T04:11:29                      34
================================================================================
[2024-09-09T01:12:26.377-0300] {manager.py:1008} INFO - 
================================================================================
DAG File Processing Stats

File Path                                       PID    Runtime      # DAGs    # Errors  Last Runtime    Last Run               Last # of DB Queries
----------------------------------------------  -----  ---------  --------  ----------  --------------  -------------------  ----------------------
/home/kasten/airflow/dags/daily_weather_dag.py                           1           0  0.40s           2024-09-09T04:12:00                      12
================================================================================
[2024-09-09T01:12:57.231-0300] {manager.py:1008} INFO - 
================================================================================
DAG File Processing Stats

File Path                                       PID    Runtime      # DAGs    # Errors  Last Runtime    Last Run               Last # of DB Queries
----------------------------------------------  -----  ---------  --------  ----------  --------------  -------------------  ----------------------
/home/kasten/airflow/dags/daily_weather_dag.py                           1           0  0.61s           2024-09-09T04:12:30                      12
================================================================================
[2024-09-09T01:13:27.702-0300] {manager.py:1008} INFO - 
================================================================================
DAG File Processing Stats

File Path                                       PID    Runtime      # DAGs    # Errors  Last Runtime    Last Run               Last # of DB Queries
----------------------------------------------  -----  ---------  --------  ----------  --------------  -------------------  ----------------------
/home/kasten/airflow/dags/daily_weather_dag.py                           1           0  0.40s           2024-09-09T04:13:01                      12
================================================================================
[2024-09-09T01:13:58.208-0300] {manager.py:1008} INFO - 
================================================================================
DAG File Processing Stats

File Path                                       PID    Runtime      # DAGs    # Errors  Last Runtime    Last Run               Last # of DB Queries
----------------------------------------------  -----  ---------  --------  ----------  --------------  -------------------  ----------------------
/home/kasten/airflow/dags/daily_weather_dag.py                           1           0  0.40s           2024-09-09T04:13:31                      12
================================================================================
[2024-09-09T01:14:18.025-0300] {manager.py:832} INFO - Searching for files in /home/kasten/airflow/dags
[2024-09-09T01:14:18.026-0300] {manager.py:835} INFO - There are 1 files in /home/kasten/airflow/dags
[2024-09-09T01:14:28.706-0300] {manager.py:1008} INFO - 
================================================================================
DAG File Processing Stats

File Path                                       PID    Runtime      # DAGs    # Errors  Last Runtime    Last Run               Last # of DB Queries
----------------------------------------------  -----  ---------  --------  ----------  --------------  -------------------  ----------------------
/home/kasten/airflow/dags/daily_weather_dag.py                           1           0  0.50s           2024-09-09T04:14:06                      12
================================================================================
[2024-09-09T01:14:58.930-0300] {manager.py:1008} INFO - 
================================================================================
DAG File Processing Stats

File Path                                       PID    Runtime      # DAGs    # Errors  Last Runtime    Last Run               Last # of DB Queries
----------------------------------------------  -----  ---------  --------  ----------  --------------  -------------------  ----------------------
/home/kasten/airflow/dags/daily_weather_dag.py                           1           0  0.40s           2024-09-09T04:14:36                      12
================================================================================
[2024-09-09T01:15:29.148-0300] {manager.py:1008} INFO - 
================================================================================
DAG File Processing Stats

File Path                                       PID    Runtime      # DAGs    # Errors  Last Runtime    Last Run               Last # of DB Queries
----------------------------------------------  -----  ---------  --------  ----------  --------------  -------------------  ----------------------
/home/kasten/airflow/dags/daily_weather_dag.py                           1           0  0.40s           2024-09-09T04:15:07                      12
================================================================================
[2024-09-09T01:15:59.374-0300] {manager.py:1008} INFO - 
================================================================================
DAG File Processing Stats

File Path                                       PID    Runtime      # DAGs    # Errors  Last Runtime    Last Run               Last # of DB Queries
----------------------------------------------  -----  ---------  --------  ----------  --------------  -------------------  ----------------------
/home/kasten/airflow/dags/daily_weather_dag.py                           1           0  0.40s           2024-09-09T04:15:37                      12
================================================================================
[2024-09-09T01:16:29.613-0300] {manager.py:1008} INFO - 
================================================================================
DAG File Processing Stats

File Path                                       PID    Runtime      # DAGs    # Errors  Last Runtime    Last Run               Last # of DB Queries
----------------------------------------------  -----  ---------  --------  ----------  --------------  -------------------  ----------------------
/home/kasten/airflow/dags/daily_weather_dag.py                           1           0  0.40s           2024-09-09T04:16:08                      12
================================================================================
[2024-09-09T01:16:59.908-0300] {manager.py:1008} INFO - 
================================================================================
DAG File Processing Stats

File Path                                       PID    Runtime      # DAGs    # Errors  Last Runtime    Last Run               Last # of DB Queries
----------------------------------------------  -----  ---------  --------  ----------  --------------  -------------------  ----------------------
/home/kasten/airflow/dags/daily_weather_dag.py                           1           0  0.40s           2024-09-09T04:16:38                      12
================================================================================
[2024-09-09T01:17:30.362-0300] {manager.py:1008} INFO - 
================================================================================
DAG File Processing Stats

File Path                                       PID    Runtime      # DAGs    # Errors  Last Runtime    Last Run               Last # of DB Queries
----------------------------------------------  -----  ---------  --------  ----------  --------------  -------------------  ----------------------
/home/kasten/airflow/dags/daily_weather_dag.py                           1           0  0.40s           2024-09-09T04:17:09                      12
================================================================================
[2024-09-09T01:18:00.831-0300] {manager.py:1008} INFO - 
================================================================================
DAG File Processing Stats

File Path                                       PID    Runtime      # DAGs    # Errors  Last Runtime    Last Run               Last # of DB Queries
----------------------------------------------  -----  ---------  --------  ----------  --------------  -------------------  ----------------------
/home/kasten/airflow/dags/daily_weather_dag.py                           1           0  0.40s           2024-09-09T04:17:39                      12
================================================================================
[2024-09-09T01:18:31.291-0300] {manager.py:1008} INFO - 
================================================================================
DAG File Processing Stats

File Path                                       PID    Runtime      # DAGs    # Errors  Last Runtime    Last Run               Last # of DB Queries
----------------------------------------------  -----  ---------  --------  ----------  --------------  -------------------  ----------------------
/home/kasten/airflow/dags/daily_weather_dag.py                           1           0  0.40s           2024-09-09T04:18:10                      12
================================================================================
[2024-09-09T01:19:01.756-0300] {manager.py:1008} INFO - 
================================================================================
DAG File Processing Stats

File Path                                       PID    Runtime      # DAGs    # Errors  Last Runtime    Last Run               Last # of DB Queries
----------------------------------------------  -----  ---------  --------  ----------  --------------  -------------------  ----------------------
/home/kasten/airflow/dags/daily_weather_dag.py                           1           0  0.40s           2024-09-09T04:18:40                      12
================================================================================
[2024-09-09T01:19:18.290-0300] {manager.py:832} INFO - Searching for files in /home/kasten/airflow/dags
[2024-09-09T01:19:18.291-0300] {manager.py:835} INFO - There are 1 files in /home/kasten/airflow/dags
[2024-09-09T01:19:32.226-0300] {manager.py:1008} INFO - 
================================================================================
DAG File Processing Stats

File Path                                       PID    Runtime      # DAGs    # Errors  Last Runtime    Last Run               Last # of DB Queries
----------------------------------------------  -----  ---------  --------  ----------  --------------  -------------------  ----------------------
/home/kasten/airflow/dags/daily_weather_dag.py                           1           0  0.40s           2024-09-09T04:19:11                      12
================================================================================
[2024-09-09T01:20:02.691-0300] {manager.py:1008} INFO - 
================================================================================
DAG File Processing Stats

File Path                                       PID    Runtime      # DAGs    # Errors  Last Runtime    Last Run               Last # of DB Queries
----------------------------------------------  -----  ---------  --------  ----------  --------------  -------------------  ----------------------
/home/kasten/airflow/dags/daily_weather_dag.py                           1           0  0.40s           2024-09-09T04:19:41                      12
================================================================================
[2024-09-09T01:20:33.149-0300] {manager.py:1008} INFO - 
================================================================================
DAG File Processing Stats

File Path                                       PID    Runtime      # DAGs    # Errors  Last Runtime    Last Run               Last # of DB Queries
----------------------------------------------  -----  ---------  --------  ----------  --------------  -------------------  ----------------------
/home/kasten/airflow/dags/daily_weather_dag.py                           1           0  0.40s           2024-09-09T04:20:11                      12
================================================================================
[2024-09-09T01:21:03.621-0300] {manager.py:1008} INFO - 
================================================================================
DAG File Processing Stats

File Path                                       PID    Runtime      # DAGs    # Errors  Last Runtime    Last Run               Last # of DB Queries
----------------------------------------------  -----  ---------  --------  ----------  --------------  -------------------  ----------------------
/home/kasten/airflow/dags/daily_weather_dag.py                           1           0  0.40s           2024-09-09T04:20:42                      12
================================================================================
[2024-09-09T01:21:33.850-0300] {manager.py:1008} INFO - 
================================================================================
DAG File Processing Stats

File Path                                       PID    Runtime      # DAGs    # Errors  Last Runtime    Last Run               Last # of DB Queries
----------------------------------------------  -----  ---------  --------  ----------  --------------  -------------------  ----------------------
/home/kasten/airflow/dags/daily_weather_dag.py                           1           0  0.40s           2024-09-09T04:21:12                      12
================================================================================
[2024-09-09T01:22:03.940-0300] {manager.py:1008} INFO - 
================================================================================
DAG File Processing Stats

File Path                                       PID    Runtime      # DAGs    # Errors  Last Runtime    Last Run               Last # of DB Queries
----------------------------------------------  -----  ---------  --------  ----------  --------------  -------------------  ----------------------
/home/kasten/airflow/dags/daily_weather_dag.py                           1           0  0.40s           2024-09-09T04:21:41                      12
================================================================================
[2024-09-09T01:22:34.022-0300] {manager.py:1008} INFO - 
================================================================================
DAG File Processing Stats

File Path                                       PID    Runtime      # DAGs    # Errors  Last Runtime    Last Run               Last # of DB Queries
----------------------------------------------  -----  ---------  --------  ----------  --------------  -------------------  ----------------------
/home/kasten/airflow/dags/daily_weather_dag.py                           1           0  0.40s           2024-09-09T04:22:12                      12
================================================================================
[2024-09-09T01:23:04.108-0300] {manager.py:1008} INFO - 
================================================================================
DAG File Processing Stats

File Path                                       PID    Runtime      # DAGs    # Errors  Last Runtime    Last Run               Last # of DB Queries
----------------------------------------------  -----  ---------  --------  ----------  --------------  -------------------  ----------------------
/home/kasten/airflow/dags/daily_weather_dag.py                           1           0  0.51s           2024-09-09T04:23:02                      34
================================================================================
[2024-09-09T01:23:34.205-0300] {manager.py:1008} INFO - 
================================================================================
DAG File Processing Stats

File Path                                       PID    Runtime      # DAGs    # Errors  Last Runtime    Last Run               Last # of DB Queries
----------------------------------------------  -----  ---------  --------  ----------  --------------  -------------------  ----------------------
/home/kasten/airflow/dags/daily_weather_dag.py                           0           1  0.30s           2024-09-09T04:23:19                       3
================================================================================
[2024-09-09T01:24:04.286-0300] {manager.py:1008} INFO - 
================================================================================
DAG File Processing Stats

File Path                                       PID    Runtime      # DAGs    # Errors  Last Runtime    Last Run               Last # of DB Queries
----------------------------------------------  -----  ---------  --------  ----------  --------------  -------------------  ----------------------
/home/kasten/airflow/dags/daily_weather_dag.py                           0           1  0.30s           2024-09-09T04:23:49                       5
================================================================================
[2024-09-09T01:24:18.439-0300] {manager.py:832} INFO - Searching for files in /home/kasten/airflow/dags
[2024-09-09T01:24:18.441-0300] {manager.py:835} INFO - There are 1 files in /home/kasten/airflow/dags
