[2024-09-08T17:34:07.302-0300] {local_task_job_runner.py:123} INFO - ::group::Pre task execution logs
[2024-09-08T17:34:07.308-0300] {taskinstance.py:2612} INFO - Dependencies all met for dep_context=non-requeueable deps ti=<TaskInstance: spotify_dag.extract scheduled__2021-02-09T09:01:00+00:00 [queued]>
[2024-09-08T17:34:07.312-0300] {taskinstance.py:2612} INFO - Dependencies all met for dep_context=requeueable deps ti=<TaskInstance: spotify_dag.extract scheduled__2021-02-09T09:01:00+00:00 [queued]>
[2024-09-08T17:34:07.312-0300] {taskinstance.py:2865} INFO - Starting attempt 1 of 2
[2024-09-08T17:34:07.325-0300] {taskinstance.py:2888} INFO - Executing <Task(PythonOperator): extract> on 2021-02-09 09:01:00+00:00
[2024-09-08T17:34:07.331-0300] {standard_task_runner.py:104} INFO - Running: ['airflow', 'tasks', 'run', 'spotify_dag', 'extract', 'scheduled__2021-02-09T09:01:00+00:00', '--job-id', '1510', '--raw', '--subdir', 'DAGS_FOLDER/spotify_dag.py', '--cfg-path', '/tmp/tmpztb7e03z']
[2024-09-08T17:34:07.332-0300] {standard_task_runner.py:105} INFO - Job 1510: Subtask extract
[2024-09-08T17:34:07.334-0300] {logging_mixin.py:190} WARNING - /home/kasten/.local/lib/python3.12/site-packages/airflow/task/task_runner/standard_task_runner.py:70 DeprecationWarning: This process (pid=116028) is multi-threaded, use of fork() may lead to deadlocks in the child.
[2024-09-08T17:34:07.334-0300] {standard_task_runner.py:72} INFO - Started process 116055 to run task
[2024-09-08T17:34:07.357-0300] {task_command.py:467} INFO - Running <TaskInstance: spotify_dag.extract scheduled__2021-02-09T09:01:00+00:00 [running]> on host kasten-Aspire-A315-54
[2024-09-08T17:34:07.408-0300] {taskinstance.py:3131} INFO - Exporting env vars: AIRFLOW_CTX_DAG_EMAIL='gabriel.kasten@outlook.com' AIRFLOW_CTX_DAG_OWNER='airflow' AIRFLOW_CTX_DAG_ID='spotify_dag' AIRFLOW_CTX_TASK_ID='extract' AIRFLOW_CTX_EXECUTION_DATE='2021-02-09T09:01:00+00:00' AIRFLOW_CTX_TRY_NUMBER='1' AIRFLOW_CTX_DAG_RUN_ID='scheduled__2021-02-09T09:01:00+00:00'
[2024-09-08T17:34:07.408-0300] {logging_mixin.py:190} INFO - Task instance is in running state
[2024-09-08T17:34:07.409-0300] {logging_mixin.py:190} INFO -  Previous state of the Task instance: queued
[2024-09-08T17:34:07.409-0300] {logging_mixin.py:190} INFO - Current task name:extract state:running start_date:2024-09-08 20:34:07.308861+00:00
[2024-09-08T17:34:07.409-0300] {logging_mixin.py:190} INFO - Dag name:spotify_dag and current dag run status:running
[2024-09-08T17:34:07.409-0300] {taskinstance.py:731} INFO - ::endgroup::
[2024-09-08T17:34:07.700-0300] {taskinstance.py:3310} ERROR - Task failed with exception
Traceback (most recent call last):
  File "/home/kasten/.local/lib/python3.12/site-packages/airflow/models/taskinstance.py", line 767, in _execute_task
    result = _execute_callable(context=context, **execute_callable_kwargs)
             ^^^^^^^^^^^^^^^^^^^^^^^^^^^^^^^^^^^^^^^^^^^^^^^^^^^^^^^^^^^^^
  File "/home/kasten/.local/lib/python3.12/site-packages/airflow/models/taskinstance.py", line 733, in _execute_callable
    return ExecutionCallableRunner(
           ^^^^^^^^^^^^^^^^^^^^^^^^
  File "/home/kasten/.local/lib/python3.12/site-packages/airflow/utils/operator_helpers.py", line 252, in run
    return self.func(*args, **kwargs)
           ^^^^^^^^^^^^^^^^^^^^^^^^^^
  File "/home/kasten/.local/lib/python3.12/site-packages/airflow/models/baseoperator.py", line 406, in wrapper
    return func(self, *args, **kwargs)
           ^^^^^^^^^^^^^^^^^^^^^^^^^^^
  File "/home/kasten/.local/lib/python3.12/site-packages/airflow/operators/python.py", line 238, in execute
    return_value = self.execute_callable()
                   ^^^^^^^^^^^^^^^^^^^^^^^
  File "/home/kasten/.local/lib/python3.12/site-packages/airflow/operators/python.py", line 256, in execute_callable
    return runner.run(*self.op_args, **self.op_kwargs)
           ^^^^^^^^^^^^^^^^^^^^^^^^^^^^^^^^^^^^^^^^^^^
  File "/home/kasten/.local/lib/python3.12/site-packages/airflow/utils/operator_helpers.py", line 252, in run
    return self.func(*args, **kwargs)
           ^^^^^^^^^^^^^^^^^^^^^^^^^^
  File "/home/kasten/airflow/dags/steps/spotify_etl.py", line 70, in run_spotify_etl
    for song in data["items"]:
                ~~~~^^^^^^^^^
KeyError: 'items'
[2024-09-08T17:34:07.705-0300] {logging_mixin.py:190} INFO - Task instance in failure state
[2024-09-08T17:34:07.705-0300] {logging_mixin.py:190} INFO - Task start:2024-09-08 20:34:07.308861+00:00 end:2024-09-08 20:34:07.705317+00:00 duration:0.396456
[2024-09-08T17:34:07.705-0300] {logging_mixin.py:190} INFO - Task:<Task(PythonOperator): extract> dag:<DAG: spotify_dag> dagrun:<DagRun spotify_dag @ 2021-02-09 09:01:00+00:00: scheduled__2021-02-09T09:01:00+00:00, state:running, queued_at: 2024-09-08 20:34:03.321325+00:00. externally triggered: False>
[2024-09-08T17:34:07.706-0300] {logging_mixin.py:190} INFO - Failure caused by 'items'
[2024-09-08T17:34:07.706-0300] {taskinstance.py:1225} INFO - Marking task as UP_FOR_RETRY. dag_id=spotify_dag, task_id=extract, run_id=scheduled__2021-02-09T09:01:00+00:00, execution_date=20210209T090100, start_date=20240908T203407, end_date=20240908T203407
[2024-09-08T17:34:07.721-0300] {taskinstance.py:340} INFO - ::group::Post task execution logs
[2024-09-08T17:34:07.721-0300] {standard_task_runner.py:124} ERROR - Failed to execute job 1510 for task extract ('items'; 116055)
Traceback (most recent call last):
  File "/home/kasten/.local/lib/python3.12/site-packages/airflow/task/task_runner/standard_task_runner.py", line 117, in _start_by_fork
    ret = args.func(args, dag=self.dag)
          ^^^^^^^^^^^^^^^^^^^^^^^^^^^^^
  File "/home/kasten/.local/lib/python3.12/site-packages/airflow/cli/cli_config.py", line 49, in command
    return func(*args, **kwargs)
           ^^^^^^^^^^^^^^^^^^^^^
  File "/home/kasten/.local/lib/python3.12/site-packages/airflow/utils/cli.py", line 115, in wrapper
    return f(*args, **kwargs)
           ^^^^^^^^^^^^^^^^^^
  File "/home/kasten/.local/lib/python3.12/site-packages/airflow/cli/commands/task_command.py", line 483, in task_run
    task_return_code = _run_task_by_selected_method(args, _dag, ti)
                       ^^^^^^^^^^^^^^^^^^^^^^^^^^^^^^^^^^^^^^^^^^^^
  File "/home/kasten/.local/lib/python3.12/site-packages/airflow/cli/commands/task_command.py", line 256, in _run_task_by_selected_method
    return _run_raw_task(args, ti)
           ^^^^^^^^^^^^^^^^^^^^^^^
  File "/home/kasten/.local/lib/python3.12/site-packages/airflow/cli/commands/task_command.py", line 341, in _run_raw_task
    return ti._run_raw_task(
           ^^^^^^^^^^^^^^^^^
  File "/home/kasten/.local/lib/python3.12/site-packages/airflow/utils/session.py", line 97, in wrapper
    return func(*args, session=session, **kwargs)
           ^^^^^^^^^^^^^^^^^^^^^^^^^^^^^^^^^^^^^^
  File "/home/kasten/.local/lib/python3.12/site-packages/airflow/models/taskinstance.py", line 3004, in _run_raw_task
    return _run_raw_task(
           ^^^^^^^^^^^^^^
  File "/home/kasten/.local/lib/python3.12/site-packages/airflow/models/taskinstance.py", line 273, in _run_raw_task
    TaskInstance._execute_task_with_callbacks(
  File "/home/kasten/.local/lib/python3.12/site-packages/airflow/models/taskinstance.py", line 3158, in _execute_task_with_callbacks
    result = self._execute_task(context, task_orig)
             ^^^^^^^^^^^^^^^^^^^^^^^^^^^^^^^^^^^^^^
  File "/home/kasten/.local/lib/python3.12/site-packages/airflow/models/taskinstance.py", line 3182, in _execute_task
    return _execute_task(self, context, task_orig)
           ^^^^^^^^^^^^^^^^^^^^^^^^^^^^^^^^^^^^^^^
  File "/home/kasten/.local/lib/python3.12/site-packages/airflow/models/taskinstance.py", line 767, in _execute_task
    result = _execute_callable(context=context, **execute_callable_kwargs)
             ^^^^^^^^^^^^^^^^^^^^^^^^^^^^^^^^^^^^^^^^^^^^^^^^^^^^^^^^^^^^^
  File "/home/kasten/.local/lib/python3.12/site-packages/airflow/models/taskinstance.py", line 733, in _execute_callable
    return ExecutionCallableRunner(
           ^^^^^^^^^^^^^^^^^^^^^^^^
  File "/home/kasten/.local/lib/python3.12/site-packages/airflow/utils/operator_helpers.py", line 252, in run
    return self.func(*args, **kwargs)
           ^^^^^^^^^^^^^^^^^^^^^^^^^^
  File "/home/kasten/.local/lib/python3.12/site-packages/airflow/models/baseoperator.py", line 406, in wrapper
    return func(self, *args, **kwargs)
           ^^^^^^^^^^^^^^^^^^^^^^^^^^^
  File "/home/kasten/.local/lib/python3.12/site-packages/airflow/operators/python.py", line 238, in execute
    return_value = self.execute_callable()
                   ^^^^^^^^^^^^^^^^^^^^^^^
  File "/home/kasten/.local/lib/python3.12/site-packages/airflow/operators/python.py", line 256, in execute_callable
    return runner.run(*self.op_args, **self.op_kwargs)
           ^^^^^^^^^^^^^^^^^^^^^^^^^^^^^^^^^^^^^^^^^^^
  File "/home/kasten/.local/lib/python3.12/site-packages/airflow/utils/operator_helpers.py", line 252, in run
    return self.func(*args, **kwargs)
           ^^^^^^^^^^^^^^^^^^^^^^^^^^
  File "/home/kasten/airflow/dags/steps/spotify_etl.py", line 70, in run_spotify_etl
    for song in data["items"]:
                ~~~~^^^^^^^^^
KeyError: 'items'
[2024-09-08T17:34:07.749-0300] {local_task_job_runner.py:266} INFO - Task exited with return code 1
[2024-09-08T17:34:07.756-0300] {taskinstance.py:3900} INFO - 0 downstream tasks scheduled from follow-on schedule check
[2024-09-08T17:34:07.757-0300] {local_task_job_runner.py:245} INFO - ::endgroup::
