[2024-09-08T21:14:08.327-0300] {processor.py:186} INFO - Started process (PID=12039) to work on /home/kasten/airflow/dags/spotify_dag_001.py
[2024-09-08T21:14:08.328-0300] {processor.py:914} INFO - Processing file /home/kasten/airflow/dags/spotify_dag_001.py for tasks to queue
[2024-09-08T21:14:08.329-0300] {logging_mixin.py:190} INFO - [2024-09-08T21:14:08.329-0300] {dagbag.py:587} INFO - Filling up the DagBag from /home/kasten/airflow/dags/spotify_dag_001.py
[2024-09-08T21:14:08.334-0300] {processor.py:925} INFO - DAG(s) 'spotify_dag_001' retrieved from /home/kasten/airflow/dags/spotify_dag_001.py
[2024-09-08T21:14:08.407-0300] {logging_mixin.py:190} INFO - [2024-09-08T21:14:08.407-0300] {dag.py:3229} INFO - Sync 1 DAGs
[2024-09-08T21:14:08.420-0300] {logging_mixin.py:190} INFO - [2024-09-08T21:14:08.420-0300] {dag.py:4156} INFO - Setting next_dagrun for spotify_dag_001 to 2024-09-08 21:13:00+00:00, run_after=2024-09-09 21:13:00+00:00
[2024-09-08T21:14:08.438-0300] {processor.py:208} INFO - Processing /home/kasten/airflow/dags/spotify_dag_001.py took 0.115 seconds
[2024-09-08T21:14:12.222-0300] {processor.py:186} INFO - Started process (PID=12109) to work on /home/kasten/airflow/dags/spotify_dag_001.py
[2024-09-08T21:14:12.222-0300] {processor.py:914} INFO - Processing file /home/kasten/airflow/dags/spotify_dag_001.py for tasks to queue
[2024-09-08T21:14:12.223-0300] {logging_mixin.py:190} INFO - [2024-09-08T21:14:12.223-0300] {dagbag.py:587} INFO - Filling up the DagBag from /home/kasten/airflow/dags/spotify_dag_001.py
[2024-09-08T21:14:12.229-0300] {processor.py:925} INFO - DAG(s) 'spotify_dag_001' retrieved from /home/kasten/airflow/dags/spotify_dag_001.py
[2024-09-08T21:14:12.234-0300] {logging_mixin.py:190} INFO - [2024-09-08T21:14:12.234-0300] {dag.py:3229} INFO - Sync 1 DAGs
[2024-09-08T21:14:12.249-0300] {logging_mixin.py:190} INFO - [2024-09-08T21:14:12.249-0300] {dag.py:4156} INFO - Setting next_dagrun for spotify_dag_001 to 2024-09-08 21:13:00+00:00, run_after=2024-09-09 21:13:00+00:00
[2024-09-08T21:14:12.268-0300] {processor.py:208} INFO - Processing /home/kasten/airflow/dags/spotify_dag_001.py took 0.049 seconds
[2024-09-08T21:14:24.299-0300] {processor.py:186} INFO - Started process (PID=12184) to work on /home/kasten/airflow/dags/spotify_dag_001.py
[2024-09-08T21:14:24.299-0300] {processor.py:914} INFO - Processing file /home/kasten/airflow/dags/spotify_dag_001.py for tasks to queue
[2024-09-08T21:14:24.300-0300] {logging_mixin.py:190} INFO - [2024-09-08T21:14:24.300-0300] {dagbag.py:587} INFO - Filling up the DagBag from /home/kasten/airflow/dags/spotify_dag_001.py
[2024-09-08T21:14:24.307-0300] {processor.py:925} INFO - DAG(s) 'spotify_dag_001' retrieved from /home/kasten/airflow/dags/spotify_dag_001.py
[2024-09-08T21:14:24.311-0300] {logging_mixin.py:190} INFO - [2024-09-08T21:14:24.310-0300] {dag.py:3229} INFO - Sync 1 DAGs
[2024-09-08T21:14:24.326-0300] {logging_mixin.py:190} INFO - [2024-09-08T21:14:24.326-0300] {dag.py:4156} INFO - Setting next_dagrun for spotify_dag_001 to 2024-09-08 21:15:00+00:00, run_after=2024-09-09 21:15:00+00:00
[2024-09-08T21:14:24.344-0300] {processor.py:208} INFO - Processing /home/kasten/airflow/dags/spotify_dag_001.py took 0.048 seconds
[2024-09-08T21:14:55.007-0300] {processor.py:186} INFO - Started process (PID=12432) to work on /home/kasten/airflow/dags/spotify_dag_001.py
[2024-09-08T21:14:55.008-0300] {processor.py:914} INFO - Processing file /home/kasten/airflow/dags/spotify_dag_001.py for tasks to queue
[2024-09-08T21:14:55.009-0300] {logging_mixin.py:190} INFO - [2024-09-08T21:14:55.008-0300] {dagbag.py:587} INFO - Filling up the DagBag from /home/kasten/airflow/dags/spotify_dag_001.py
[2024-09-08T21:14:55.014-0300] {processor.py:925} INFO - DAG(s) 'spotify_dag_001' retrieved from /home/kasten/airflow/dags/spotify_dag_001.py
[2024-09-08T21:14:55.085-0300] {logging_mixin.py:190} INFO - [2024-09-08T21:14:55.085-0300] {dag.py:3229} INFO - Sync 1 DAGs
[2024-09-08T21:14:55.099-0300] {logging_mixin.py:190} INFO - [2024-09-08T21:14:55.098-0300] {dag.py:4156} INFO - Setting next_dagrun for spotify_dag_001 to 2024-09-08 21:15:00+00:00, run_after=2024-09-09 21:15:00+00:00
[2024-09-08T21:14:55.198-0300] {processor.py:208} INFO - Processing /home/kasten/airflow/dags/spotify_dag_001.py took 0.194 seconds
[2024-09-08T21:15:25.752-0300] {processor.py:186} INFO - Started process (PID=12599) to work on /home/kasten/airflow/dags/spotify_dag_001.py
[2024-09-08T21:15:25.753-0300] {processor.py:914} INFO - Processing file /home/kasten/airflow/dags/spotify_dag_001.py for tasks to queue
[2024-09-08T21:15:25.754-0300] {logging_mixin.py:190} INFO - [2024-09-08T21:15:25.753-0300] {dagbag.py:587} INFO - Filling up the DagBag from /home/kasten/airflow/dags/spotify_dag_001.py
[2024-09-08T21:15:25.759-0300] {processor.py:925} INFO - DAG(s) 'spotify_dag_001' retrieved from /home/kasten/airflow/dags/spotify_dag_001.py
[2024-09-08T21:15:25.767-0300] {logging_mixin.py:190} INFO - [2024-09-08T21:15:25.767-0300] {dag.py:3229} INFO - Sync 1 DAGs
[2024-09-08T21:15:25.782-0300] {logging_mixin.py:190} INFO - [2024-09-08T21:15:25.782-0300] {dag.py:4156} INFO - Setting next_dagrun for spotify_dag_001 to 2024-09-08 21:15:00+00:00, run_after=2024-09-09 21:15:00+00:00
[2024-09-08T21:15:25.798-0300] {processor.py:208} INFO - Processing /home/kasten/airflow/dags/spotify_dag_001.py took 0.050 seconds
[2024-09-08T21:15:37.037-0300] {processor.py:186} INFO - Started process (PID=12647) to work on /home/kasten/airflow/dags/spotify_dag_001.py
[2024-09-08T21:15:37.037-0300] {processor.py:914} INFO - Processing file /home/kasten/airflow/dags/spotify_dag_001.py for tasks to queue
[2024-09-08T21:15:37.038-0300] {logging_mixin.py:190} INFO - [2024-09-08T21:15:37.038-0300] {dagbag.py:587} INFO - Filling up the DagBag from /home/kasten/airflow/dags/spotify_dag_001.py
[2024-09-08T21:15:37.044-0300] {processor.py:925} INFO - DAG(s) 'spotify_dag_001' retrieved from /home/kasten/airflow/dags/spotify_dag_001.py
[2024-09-08T21:15:37.117-0300] {logging_mixin.py:190} INFO - [2024-09-08T21:15:37.117-0300] {dag.py:3229} INFO - Sync 1 DAGs
[2024-09-08T21:15:37.221-0300] {logging_mixin.py:190} INFO - [2024-09-08T21:15:37.221-0300] {dag.py:4156} INFO - Setting next_dagrun for spotify_dag_001 to 2024-09-08 00:01:00+00:00, run_after=2024-09-08 01:01:00+00:00
[2024-09-08T21:15:37.239-0300] {processor.py:208} INFO - Processing /home/kasten/airflow/dags/spotify_dag_001.py took 0.205 seconds
[2024-09-08T21:16:07.956-0300] {processor.py:186} INFO - Started process (PID=13032) to work on /home/kasten/airflow/dags/spotify_dag_001.py
[2024-09-08T21:16:07.957-0300] {processor.py:914} INFO - Processing file /home/kasten/airflow/dags/spotify_dag_001.py for tasks to queue
[2024-09-08T21:16:07.958-0300] {logging_mixin.py:190} INFO - [2024-09-08T21:16:07.958-0300] {dagbag.py:587} INFO - Filling up the DagBag from /home/kasten/airflow/dags/spotify_dag_001.py
[2024-09-08T21:16:07.966-0300] {processor.py:925} INFO - DAG(s) 'spotify_dag_001' retrieved from /home/kasten/airflow/dags/spotify_dag_001.py
[2024-09-08T21:16:07.979-0300] {logging_mixin.py:190} INFO - [2024-09-08T21:16:07.978-0300] {dag.py:3229} INFO - Sync 1 DAGs
[2024-09-08T21:16:08.000-0300] {logging_mixin.py:190} INFO - [2024-09-08T21:16:08.000-0300] {dag.py:4156} INFO - Setting next_dagrun for spotify_dag_001 to 2024-09-09 00:01:00+00:00, run_after=2024-09-09 01:01:00+00:00
[2024-09-08T21:16:08.017-0300] {processor.py:208} INFO - Processing /home/kasten/airflow/dags/spotify_dag_001.py took 0.067 seconds
[2024-09-08T21:16:38.699-0300] {processor.py:186} INFO - Started process (PID=13224) to work on /home/kasten/airflow/dags/spotify_dag_001.py
[2024-09-08T21:16:38.815-0300] {processor.py:914} INFO - Processing file /home/kasten/airflow/dags/spotify_dag_001.py for tasks to queue
[2024-09-08T21:16:38.816-0300] {logging_mixin.py:190} INFO - [2024-09-08T21:16:38.816-0300] {dagbag.py:587} INFO - Filling up the DagBag from /home/kasten/airflow/dags/spotify_dag_001.py
[2024-09-08T21:16:38.823-0300] {processor.py:925} INFO - DAG(s) 'spotify_dag_001' retrieved from /home/kasten/airflow/dags/spotify_dag_001.py
[2024-09-08T21:16:38.832-0300] {logging_mixin.py:190} INFO - [2024-09-08T21:16:38.831-0300] {dag.py:3229} INFO - Sync 1 DAGs
[2024-09-08T21:16:38.848-0300] {logging_mixin.py:190} INFO - [2024-09-08T21:16:38.847-0300] {dag.py:4156} INFO - Setting next_dagrun for spotify_dag_001 to 2024-09-09 00:01:00+00:00, run_after=2024-09-09 01:01:00+00:00
[2024-09-08T21:16:38.866-0300] {processor.py:208} INFO - Processing /home/kasten/airflow/dags/spotify_dag_001.py took 0.169 seconds
[2024-09-08T21:17:09.109-0300] {processor.py:186} INFO - Started process (PID=13377) to work on /home/kasten/airflow/dags/spotify_dag_001.py
[2024-09-08T21:17:09.110-0300] {processor.py:914} INFO - Processing file /home/kasten/airflow/dags/spotify_dag_001.py for tasks to queue
[2024-09-08T21:17:09.111-0300] {logging_mixin.py:190} INFO - [2024-09-08T21:17:09.111-0300] {dagbag.py:587} INFO - Filling up the DagBag from /home/kasten/airflow/dags/spotify_dag_001.py
[2024-09-08T21:17:09.116-0300] {processor.py:925} INFO - DAG(s) 'spotify_dag_001' retrieved from /home/kasten/airflow/dags/spotify_dag_001.py
[2024-09-08T21:17:09.123-0300] {logging_mixin.py:190} INFO - [2024-09-08T21:17:09.123-0300] {dag.py:3229} INFO - Sync 1 DAGs
[2024-09-08T21:17:09.139-0300] {logging_mixin.py:190} INFO - [2024-09-08T21:17:09.139-0300] {dag.py:4156} INFO - Setting next_dagrun for spotify_dag_001 to 2024-09-09 00:01:00+00:00, run_after=2024-09-09 01:01:00+00:00
[2024-09-08T21:17:09.156-0300] {processor.py:208} INFO - Processing /home/kasten/airflow/dags/spotify_dag_001.py took 0.050 seconds
[2024-09-08T21:17:39.930-0300] {processor.py:186} INFO - Started process (PID=13461) to work on /home/kasten/airflow/dags/spotify_dag_001.py
[2024-09-08T21:17:39.930-0300] {processor.py:914} INFO - Processing file /home/kasten/airflow/dags/spotify_dag_001.py for tasks to queue
[2024-09-08T21:17:39.931-0300] {logging_mixin.py:190} INFO - [2024-09-08T21:17:39.931-0300] {dagbag.py:587} INFO - Filling up the DagBag from /home/kasten/airflow/dags/spotify_dag_001.py
[2024-09-08T21:17:39.937-0300] {processor.py:925} INFO - DAG(s) 'spotify_dag_001' retrieved from /home/kasten/airflow/dags/spotify_dag_001.py
[2024-09-08T21:17:39.945-0300] {logging_mixin.py:190} INFO - [2024-09-08T21:17:39.945-0300] {dag.py:3229} INFO - Sync 1 DAGs
[2024-09-08T21:17:39.959-0300] {logging_mixin.py:190} INFO - [2024-09-08T21:17:39.959-0300] {dag.py:4156} INFO - Setting next_dagrun for spotify_dag_001 to 2024-09-09 00:01:00+00:00, run_after=2024-09-09 01:01:00+00:00
[2024-09-08T21:17:39.977-0300] {processor.py:208} INFO - Processing /home/kasten/airflow/dags/spotify_dag_001.py took 0.051 seconds
[2024-09-08T21:18:10.413-0300] {processor.py:186} INFO - Started process (PID=13628) to work on /home/kasten/airflow/dags/spotify_dag_001.py
[2024-09-08T21:18:10.414-0300] {processor.py:914} INFO - Processing file /home/kasten/airflow/dags/spotify_dag_001.py for tasks to queue
[2024-09-08T21:18:10.415-0300] {logging_mixin.py:190} INFO - [2024-09-08T21:18:10.415-0300] {dagbag.py:587} INFO - Filling up the DagBag from /home/kasten/airflow/dags/spotify_dag_001.py
[2024-09-08T21:18:10.420-0300] {processor.py:925} INFO - DAG(s) 'spotify_dag_001' retrieved from /home/kasten/airflow/dags/spotify_dag_001.py
[2024-09-08T21:18:10.428-0300] {logging_mixin.py:190} INFO - [2024-09-08T21:18:10.428-0300] {dag.py:3229} INFO - Sync 1 DAGs
[2024-09-08T21:18:10.444-0300] {logging_mixin.py:190} INFO - [2024-09-08T21:18:10.443-0300] {dag.py:4156} INFO - Setting next_dagrun for spotify_dag_001 to 2024-09-09 00:01:00+00:00, run_after=2024-09-09 01:01:00+00:00
[2024-09-08T21:18:10.460-0300] {processor.py:208} INFO - Processing /home/kasten/airflow/dags/spotify_dag_001.py took 0.050 seconds
[2024-09-08T21:18:16.478-0300] {processor.py:186} INFO - Started process (PID=13663) to work on /home/kasten/airflow/dags/spotify_dag_001.py
[2024-09-08T21:18:16.480-0300] {processor.py:914} INFO - Processing file /home/kasten/airflow/dags/spotify_dag_001.py for tasks to queue
[2024-09-08T21:18:16.481-0300] {logging_mixin.py:190} INFO - [2024-09-08T21:18:16.481-0300] {dagbag.py:587} INFO - Filling up the DagBag from /home/kasten/airflow/dags/spotify_dag_001.py
[2024-09-08T21:18:16.489-0300] {processor.py:925} INFO - DAG(s) 'spotify_dag_001' retrieved from /home/kasten/airflow/dags/spotify_dag_001.py
[2024-09-08T21:18:16.691-0300] {logging_mixin.py:190} INFO - [2024-09-08T21:18:16.690-0300] {dag.py:3229} INFO - Sync 1 DAGs
[2024-09-08T21:18:16.705-0300] {logging_mixin.py:190} INFO - [2024-09-08T21:18:16.705-0300] {dag.py:4156} INFO - Setting next_dagrun for spotify_dag_001 to 2024-09-09 00:00:00+00:00, run_after=2024-09-10 00:00:00+00:00
[2024-09-08T21:18:16.722-0300] {processor.py:208} INFO - Processing /home/kasten/airflow/dags/spotify_dag_001.py took 0.250 seconds
[2024-09-08T21:18:47.232-0300] {processor.py:186} INFO - Started process (PID=13887) to work on /home/kasten/airflow/dags/spotify_dag_001.py
[2024-09-08T21:18:47.233-0300] {processor.py:914} INFO - Processing file /home/kasten/airflow/dags/spotify_dag_001.py for tasks to queue
[2024-09-08T21:18:47.234-0300] {logging_mixin.py:190} INFO - [2024-09-08T21:18:47.234-0300] {dagbag.py:587} INFO - Filling up the DagBag from /home/kasten/airflow/dags/spotify_dag_001.py
[2024-09-08T21:18:47.239-0300] {processor.py:925} INFO - DAG(s) 'spotify_dag_001' retrieved from /home/kasten/airflow/dags/spotify_dag_001.py
[2024-09-08T21:18:47.246-0300] {logging_mixin.py:190} INFO - [2024-09-08T21:18:47.246-0300] {dag.py:3229} INFO - Sync 1 DAGs
[2024-09-08T21:18:47.261-0300] {logging_mixin.py:190} INFO - [2024-09-08T21:18:47.261-0300] {dag.py:4156} INFO - Setting next_dagrun for spotify_dag_001 to 2024-09-09 00:00:00+00:00, run_after=2024-09-10 00:00:00+00:00
[2024-09-08T21:18:47.278-0300] {processor.py:208} INFO - Processing /home/kasten/airflow/dags/spotify_dag_001.py took 0.050 seconds
[2024-09-08T21:19:17.994-0300] {processor.py:186} INFO - Started process (PID=14161) to work on /home/kasten/airflow/dags/spotify_dag_001.py
[2024-09-08T21:19:17.995-0300] {processor.py:914} INFO - Processing file /home/kasten/airflow/dags/spotify_dag_001.py for tasks to queue
[2024-09-08T21:19:17.995-0300] {logging_mixin.py:190} INFO - [2024-09-08T21:19:17.995-0300] {dagbag.py:587} INFO - Filling up the DagBag from /home/kasten/airflow/dags/spotify_dag_001.py
[2024-09-08T21:19:18.001-0300] {processor.py:925} INFO - DAG(s) 'spotify_dag_001' retrieved from /home/kasten/airflow/dags/spotify_dag_001.py
[2024-09-08T21:19:18.009-0300] {logging_mixin.py:190} INFO - [2024-09-08T21:19:18.009-0300] {dag.py:3229} INFO - Sync 1 DAGs
[2024-09-08T21:19:18.023-0300] {logging_mixin.py:190} INFO - [2024-09-08T21:19:18.023-0300] {dag.py:4156} INFO - Setting next_dagrun for spotify_dag_001 to 2024-09-09 00:00:00+00:00, run_after=2024-09-10 00:00:00+00:00
[2024-09-08T21:19:18.122-0300] {processor.py:208} INFO - Processing /home/kasten/airflow/dags/spotify_dag_001.py took 0.131 seconds
[2024-09-08T21:19:27.044-0300] {processor.py:186} INFO - Started process (PID=14177) to work on /home/kasten/airflow/dags/spotify_dag_001.py
[2024-09-08T21:19:27.044-0300] {processor.py:914} INFO - Processing file /home/kasten/airflow/dags/spotify_dag_001.py for tasks to queue
[2024-09-08T21:19:27.045-0300] {logging_mixin.py:190} INFO - [2024-09-08T21:19:27.045-0300] {dagbag.py:587} INFO - Filling up the DagBag from /home/kasten/airflow/dags/spotify_dag_001.py
[2024-09-08T21:19:27.051-0300] {processor.py:925} INFO - DAG(s) 'spotify_dag_001' retrieved from /home/kasten/airflow/dags/spotify_dag_001.py
[2024-09-08T21:19:27.059-0300] {logging_mixin.py:190} INFO - [2024-09-08T21:19:27.059-0300] {dag.py:3229} INFO - Sync 1 DAGs
[2024-09-08T21:19:27.076-0300] {logging_mixin.py:190} INFO - [2024-09-08T21:19:27.076-0300] {dag.py:4156} INFO - Setting next_dagrun for spotify_dag_001 to 2024-09-09 00:00:00+00:00, run_after=2024-09-10 00:00:00+00:00
[2024-09-08T21:19:27.182-0300] {processor.py:208} INFO - Processing /home/kasten/airflow/dags/spotify_dag_001.py took 0.142 seconds
[2024-09-08T21:19:28.275-0300] {processor.py:186} INFO - Started process (PID=14178) to work on /home/kasten/airflow/dags/spotify_dag_001.py
[2024-09-08T21:19:28.276-0300] {processor.py:914} INFO - Processing file /home/kasten/airflow/dags/spotify_dag_001.py for tasks to queue
[2024-09-08T21:19:28.276-0300] {logging_mixin.py:190} INFO - [2024-09-08T21:19:28.276-0300] {dagbag.py:587} INFO - Filling up the DagBag from /home/kasten/airflow/dags/spotify_dag_001.py
[2024-09-08T21:19:28.283-0300] {processor.py:925} INFO - DAG(s) 'spotify_dag_001' retrieved from /home/kasten/airflow/dags/spotify_dag_001.py
[2024-09-08T21:19:28.291-0300] {logging_mixin.py:190} INFO - [2024-09-08T21:19:28.290-0300] {dag.py:3229} INFO - Sync 1 DAGs
[2024-09-08T21:19:28.305-0300] {logging_mixin.py:190} INFO - [2024-09-08T21:19:28.305-0300] {dag.py:4156} INFO - Setting next_dagrun for spotify_dag_001 to 2024-09-09 00:00:00+00:00, run_after=2024-09-10 00:00:00+00:00
[2024-09-08T21:19:28.399-0300] {processor.py:208} INFO - Processing /home/kasten/airflow/dags/spotify_dag_001.py took 0.127 seconds
[2024-09-08T21:19:58.278-0300] {processor.py:186} INFO - Started process (PID=14200) to work on /home/kasten/airflow/dags/spotify_dag_001.py
[2024-09-08T21:19:58.279-0300] {processor.py:914} INFO - Processing file /home/kasten/airflow/dags/spotify_dag_001.py for tasks to queue
[2024-09-08T21:19:58.280-0300] {logging_mixin.py:190} INFO - [2024-09-08T21:19:58.280-0300] {dagbag.py:587} INFO - Filling up the DagBag from /home/kasten/airflow/dags/spotify_dag_001.py
[2024-09-08T21:19:58.285-0300] {logging_mixin.py:190} INFO - [2024-09-08T21:19:58.284-0300] {dagbag.py:386} ERROR - Failed to import: /home/kasten/airflow/dags/spotify_dag_001.py
Traceback (most recent call last):
  File "/home/kasten/.local/lib/python3.12/site-packages/airflow/models/dagbag.py", line 382, in parse
    loader.exec_module(new_module)
  File "<frozen importlib._bootstrap_external>", line 995, in exec_module
  File "<frozen importlib._bootstrap>", line 488, in _call_with_frames_removed
  File "/home/kasten/airflow/dags/spotify_dag_001.py", line 45, in <module>
    extract_spotify_data >> trasnform_spotify_data
    ~~~~~~~~~~~~~~~~~~~~~^^~~~~~~~~~~~~~~~~~~~~~~~
TypeError: unsupported operand type(s) for >>: '_TaskDecorator' and '_TaskDecorator'
[2024-09-08T21:19:58.285-0300] {processor.py:927} WARNING - No viable dags retrieved from /home/kasten/airflow/dags/spotify_dag_001.py
[2024-09-08T21:19:58.299-0300] {processor.py:208} INFO - Processing /home/kasten/airflow/dags/spotify_dag_001.py took 0.024 seconds
[2024-09-08T21:20:09.298-0300] {processor.py:186} INFO - Started process (PID=14274) to work on /home/kasten/airflow/dags/spotify_dag_001.py
[2024-09-08T21:20:09.298-0300] {processor.py:914} INFO - Processing file /home/kasten/airflow/dags/spotify_dag_001.py for tasks to queue
[2024-09-08T21:20:09.299-0300] {logging_mixin.py:190} INFO - [2024-09-08T21:20:09.299-0300] {dagbag.py:587} INFO - Filling up the DagBag from /home/kasten/airflow/dags/spotify_dag_001.py
[2024-09-08T21:20:09.304-0300] {logging_mixin.py:190} INFO - [2024-09-08T21:20:09.303-0300] {dagbag.py:386} ERROR - Failed to import: /home/kasten/airflow/dags/spotify_dag_001.py
Traceback (most recent call last):
  File "/home/kasten/.local/lib/python3.12/site-packages/airflow/models/dagbag.py", line 382, in parse
    loader.exec_module(new_module)
  File "<frozen importlib._bootstrap_external>", line 995, in exec_module
  File "<frozen importlib._bootstrap>", line 488, in _call_with_frames_removed
  File "/home/kasten/airflow/dags/spotify_dag_001.py", line 45, in <module>
    extract_spotify_data > trasnform_spotify_data
TypeError: '>' not supported between instances of '_TaskDecorator' and '_TaskDecorator'
[2024-09-08T21:20:09.305-0300] {processor.py:927} WARNING - No viable dags retrieved from /home/kasten/airflow/dags/spotify_dag_001.py
[2024-09-08T21:20:09.320-0300] {processor.py:208} INFO - Processing /home/kasten/airflow/dags/spotify_dag_001.py took 0.026 seconds
[2024-09-08T21:20:36.513-0300] {processor.py:186} INFO - Started process (PID=14450) to work on /home/kasten/airflow/dags/spotify_dag_001.py
[2024-09-08T21:20:36.514-0300] {processor.py:914} INFO - Processing file /home/kasten/airflow/dags/spotify_dag_001.py for tasks to queue
[2024-09-08T21:20:36.515-0300] {logging_mixin.py:190} INFO - [2024-09-08T21:20:36.514-0300] {dagbag.py:587} INFO - Filling up the DagBag from /home/kasten/airflow/dags/spotify_dag_001.py
[2024-09-08T21:20:36.520-0300] {logging_mixin.py:190} INFO - [2024-09-08T21:20:36.519-0300] {dagbag.py:386} ERROR - Failed to import: /home/kasten/airflow/dags/spotify_dag_001.py
Traceback (most recent call last):
  File "/home/kasten/.local/lib/python3.12/site-packages/airflow/models/dagbag.py", line 382, in parse
    loader.exec_module(new_module)
  File "<frozen importlib._bootstrap_external>", line 995, in exec_module
  File "<frozen importlib._bootstrap>", line 488, in _call_with_frames_removed
  File "/home/kasten/airflow/dags/spotify_dag_001.py", line 45, in <module>
    extract_spotify_data() >> transform_spotify_data()
                              ^^^^^^^^^^^^^^^^^^^^^^
NameError: name 'transform_spotify_data' is not defined. Did you mean: 'trasnform_spotify_data'?
[2024-09-08T21:20:36.521-0300] {processor.py:927} WARNING - No viable dags retrieved from /home/kasten/airflow/dags/spotify_dag_001.py
[2024-09-08T21:20:36.534-0300] {processor.py:208} INFO - Processing /home/kasten/airflow/dags/spotify_dag_001.py took 0.025 seconds
[2024-09-08T21:20:42.690-0300] {processor.py:186} INFO - Started process (PID=14453) to work on /home/kasten/airflow/dags/spotify_dag_001.py
[2024-09-08T21:20:42.691-0300] {processor.py:914} INFO - Processing file /home/kasten/airflow/dags/spotify_dag_001.py for tasks to queue
[2024-09-08T21:20:42.692-0300] {logging_mixin.py:190} INFO - [2024-09-08T21:20:42.692-0300] {dagbag.py:587} INFO - Filling up the DagBag from /home/kasten/airflow/dags/spotify_dag_001.py
[2024-09-08T21:20:42.698-0300] {logging_mixin.py:190} INFO - [2024-09-08T21:20:42.697-0300] {dagbag.py:386} ERROR - Failed to import: /home/kasten/airflow/dags/spotify_dag_001.py
Traceback (most recent call last):
  File "/home/kasten/.local/lib/python3.12/site-packages/airflow/models/dagbag.py", line 382, in parse
    loader.exec_module(new_module)
  File "<frozen importlib._bootstrap_external>", line 995, in exec_module
  File "<frozen importlib._bootstrap>", line 488, in _call_with_frames_removed
  File "/home/kasten/airflow/dags/spotify_dag_001.py", line 45, in <module>
    extract_spotify_data() >> transform_spotify_data()
                              ^^^^^^^^^^^^^^^^^^^^^^
NameError: name 'transform_spotify_data' is not defined. Did you mean: 'trasnform_spotify_data'?
[2024-09-08T21:20:42.699-0300] {processor.py:927} WARNING - No viable dags retrieved from /home/kasten/airflow/dags/spotify_dag_001.py
[2024-09-08T21:20:42.713-0300] {processor.py:208} INFO - Processing /home/kasten/airflow/dags/spotify_dag_001.py took 0.026 seconds
[2024-09-08T21:20:44.842-0300] {processor.py:186} INFO - Started process (PID=14455) to work on /home/kasten/airflow/dags/spotify_dag_001.py
[2024-09-08T21:20:44.843-0300] {processor.py:914} INFO - Processing file /home/kasten/airflow/dags/spotify_dag_001.py for tasks to queue
[2024-09-08T21:20:44.843-0300] {logging_mixin.py:190} INFO - [2024-09-08T21:20:44.843-0300] {dagbag.py:587} INFO - Filling up the DagBag from /home/kasten/airflow/dags/spotify_dag_001.py
[2024-09-08T21:20:44.851-0300] {processor.py:925} INFO - DAG(s) 'spotify_dag_001' retrieved from /home/kasten/airflow/dags/spotify_dag_001.py
[2024-09-08T21:20:45.000-0300] {logging_mixin.py:190} INFO - [2024-09-08T21:20:45.000-0300] {dag.py:3229} INFO - Sync 1 DAGs
[2024-09-08T21:20:45.011-0300] {logging_mixin.py:190} INFO - [2024-09-08T21:20:45.011-0300] {dag.py:4156} INFO - Setting next_dagrun for spotify_dag_001 to 2024-09-09 00:00:00+00:00, run_after=2024-09-10 00:00:00+00:00
[2024-09-08T21:20:45.034-0300] {processor.py:208} INFO - Processing /home/kasten/airflow/dags/spotify_dag_001.py took 0.195 seconds
[2024-09-08T21:20:48.753-0300] {processor.py:186} INFO - Started process (PID=14458) to work on /home/kasten/airflow/dags/spotify_dag_001.py
[2024-09-08T21:20:48.754-0300] {processor.py:914} INFO - Processing file /home/kasten/airflow/dags/spotify_dag_001.py for tasks to queue
[2024-09-08T21:20:48.755-0300] {logging_mixin.py:190} INFO - [2024-09-08T21:20:48.754-0300] {dagbag.py:587} INFO - Filling up the DagBag from /home/kasten/airflow/dags/spotify_dag_001.py
[2024-09-08T21:20:48.765-0300] {processor.py:925} INFO - DAG(s) 'spotify_dag_001' retrieved from /home/kasten/airflow/dags/spotify_dag_001.py
[2024-09-08T21:20:48.769-0300] {logging_mixin.py:190} INFO - [2024-09-08T21:20:48.769-0300] {dag.py:3229} INFO - Sync 1 DAGs
[2024-09-08T21:20:48.893-0300] {logging_mixin.py:190} INFO - [2024-09-08T21:20:48.893-0300] {dag.py:4156} INFO - Setting next_dagrun for spotify_dag_001 to 2024-09-09 00:00:00+00:00, run_after=2024-09-10 00:00:00+00:00
[2024-09-08T21:20:48.912-0300] {processor.py:208} INFO - Processing /home/kasten/airflow/dags/spotify_dag_001.py took 0.164 seconds
[2024-09-08T21:21:18.976-0300] {processor.py:186} INFO - Started process (PID=14731) to work on /home/kasten/airflow/dags/spotify_dag_001.py
[2024-09-08T21:21:18.977-0300] {processor.py:914} INFO - Processing file /home/kasten/airflow/dags/spotify_dag_001.py for tasks to queue
[2024-09-08T21:21:18.978-0300] {logging_mixin.py:190} INFO - [2024-09-08T21:21:18.977-0300] {dagbag.py:587} INFO - Filling up the DagBag from /home/kasten/airflow/dags/spotify_dag_001.py
[2024-09-08T21:21:18.984-0300] {processor.py:925} INFO - DAG(s) 'spotify_dag_001' retrieved from /home/kasten/airflow/dags/spotify_dag_001.py
[2024-09-08T21:21:19.080-0300] {logging_mixin.py:190} INFO - [2024-09-08T21:21:19.080-0300] {dag.py:3229} INFO - Sync 1 DAGs
[2024-09-08T21:21:19.094-0300] {logging_mixin.py:190} INFO - [2024-09-08T21:21:19.094-0300] {dag.py:4156} INFO - Setting next_dagrun for spotify_dag_001 to 2024-09-09 00:00:00+00:00, run_after=2024-09-10 00:00:00+00:00
[2024-09-08T21:21:19.112-0300] {processor.py:208} INFO - Processing /home/kasten/airflow/dags/spotify_dag_001.py took 0.140 seconds
[2024-09-08T21:21:36.133-0300] {processor.py:186} INFO - Started process (PID=14739) to work on /home/kasten/airflow/dags/spotify_dag_001.py
[2024-09-08T21:21:36.133-0300] {processor.py:914} INFO - Processing file /home/kasten/airflow/dags/spotify_dag_001.py for tasks to queue
[2024-09-08T21:21:36.218-0300] {logging_mixin.py:190} INFO - [2024-09-08T21:21:36.218-0300] {dagbag.py:587} INFO - Filling up the DagBag from /home/kasten/airflow/dags/spotify_dag_001.py
[2024-09-08T21:21:36.224-0300] {processor.py:925} INFO - DAG(s) 'spotify_dag_001' retrieved from /home/kasten/airflow/dags/spotify_dag_001.py
[2024-09-08T21:21:36.296-0300] {logging_mixin.py:190} INFO - [2024-09-08T21:21:36.295-0300] {dag.py:3229} INFO - Sync 1 DAGs
[2024-09-08T21:21:36.309-0300] {logging_mixin.py:190} INFO - [2024-09-08T21:21:36.309-0300] {dag.py:4156} INFO - Setting next_dagrun for spotify_dag_001 to 2024-09-09 00:00:00+00:00, run_after=2024-09-10 00:00:00+00:00
[2024-09-08T21:21:36.327-0300] {processor.py:208} INFO - Processing /home/kasten/airflow/dags/spotify_dag_001.py took 0.198 seconds
[2024-09-08T21:21:46.374-0300] {processor.py:186} INFO - Started process (PID=14839) to work on /home/kasten/airflow/dags/spotify_dag_001.py
[2024-09-08T21:21:46.375-0300] {processor.py:914} INFO - Processing file /home/kasten/airflow/dags/spotify_dag_001.py for tasks to queue
[2024-09-08T21:21:46.378-0300] {logging_mixin.py:190} INFO - [2024-09-08T21:21:46.378-0300] {dagbag.py:587} INFO - Filling up the DagBag from /home/kasten/airflow/dags/spotify_dag_001.py
[2024-09-08T21:21:46.389-0300] {processor.py:925} INFO - DAG(s) 'spotify_dag_001' retrieved from /home/kasten/airflow/dags/spotify_dag_001.py
[2024-09-08T21:21:46.396-0300] {logging_mixin.py:190} INFO - [2024-09-08T21:21:46.396-0300] {dag.py:3229} INFO - Sync 1 DAGs
[2024-09-08T21:21:46.422-0300] {logging_mixin.py:190} INFO - [2024-09-08T21:21:46.422-0300] {dag.py:4156} INFO - Setting next_dagrun for spotify_dag_001 to 2024-09-09 00:00:00+00:00, run_after=2024-09-10 00:00:00+00:00
[2024-09-08T21:21:46.444-0300] {processor.py:208} INFO - Processing /home/kasten/airflow/dags/spotify_dag_001.py took 0.076 seconds
[2024-09-08T21:22:16.560-0300] {processor.py:186} INFO - Started process (PID=14952) to work on /home/kasten/airflow/dags/spotify_dag_001.py
[2024-09-08T21:22:16.565-0300] {processor.py:914} INFO - Processing file /home/kasten/airflow/dags/spotify_dag_001.py for tasks to queue
[2024-09-08T21:22:16.566-0300] {logging_mixin.py:190} INFO - [2024-09-08T21:22:16.566-0300] {dagbag.py:587} INFO - Filling up the DagBag from /home/kasten/airflow/dags/spotify_dag_001.py
[2024-09-08T21:22:16.573-0300] {processor.py:925} INFO - DAG(s) 'spotify_dag_001' retrieved from /home/kasten/airflow/dags/spotify_dag_001.py
[2024-09-08T21:22:16.654-0300] {logging_mixin.py:190} INFO - [2024-09-08T21:22:16.654-0300] {dag.py:3229} INFO - Sync 1 DAGs
[2024-09-08T21:22:16.668-0300] {logging_mixin.py:190} INFO - [2024-09-08T21:22:16.668-0300] {dag.py:4156} INFO - Setting next_dagrun for spotify_dag_001 to 2024-09-09 00:00:00+00:00, run_after=2024-09-10 00:00:00+00:00
[2024-09-08T21:22:16.685-0300] {processor.py:208} INFO - Processing /home/kasten/airflow/dags/spotify_dag_001.py took 0.129 seconds
[2024-09-08T21:22:36.448-0300] {processor.py:186} INFO - Started process (PID=14960) to work on /home/kasten/airflow/dags/spotify_dag_001.py
[2024-09-08T21:22:36.449-0300] {processor.py:914} INFO - Processing file /home/kasten/airflow/dags/spotify_dag_001.py for tasks to queue
[2024-09-08T21:22:36.450-0300] {logging_mixin.py:190} INFO - [2024-09-08T21:22:36.450-0300] {dagbag.py:587} INFO - Filling up the DagBag from /home/kasten/airflow/dags/spotify_dag_001.py
[2024-09-08T21:22:36.457-0300] {processor.py:925} INFO - DAG(s) 'spotify_dag_001' retrieved from /home/kasten/airflow/dags/spotify_dag_001.py
[2024-09-08T21:22:36.462-0300] {logging_mixin.py:190} INFO - [2024-09-08T21:22:36.461-0300] {dag.py:3229} INFO - Sync 1 DAGs
[2024-09-08T21:22:36.478-0300] {logging_mixin.py:190} INFO - [2024-09-08T21:22:36.478-0300] {dag.py:4156} INFO - Setting next_dagrun for spotify_dag_001 to 2024-09-09 00:00:00+00:00, run_after=2024-09-10 00:00:00+00:00
[2024-09-08T21:22:36.497-0300] {processor.py:208} INFO - Processing /home/kasten/airflow/dags/spotify_dag_001.py took 0.054 seconds
[2024-09-08T21:22:49.633-0300] {processor.py:186} INFO - Started process (PID=15036) to work on /home/kasten/airflow/dags/spotify_dag_001.py
[2024-09-08T21:22:49.633-0300] {processor.py:914} INFO - Processing file /home/kasten/airflow/dags/spotify_dag_001.py for tasks to queue
[2024-09-08T21:22:49.635-0300] {logging_mixin.py:190} INFO - [2024-09-08T21:22:49.634-0300] {dagbag.py:587} INFO - Filling up the DagBag from /home/kasten/airflow/dags/spotify_dag_001.py
[2024-09-08T21:22:49.642-0300] {processor.py:925} INFO - DAG(s) 'spotify_dag_001' retrieved from /home/kasten/airflow/dags/spotify_dag_001.py
[2024-09-08T21:22:49.721-0300] {logging_mixin.py:190} INFO - [2024-09-08T21:22:49.721-0300] {dag.py:3229} INFO - Sync 1 DAGs
[2024-09-08T21:22:49.740-0300] {logging_mixin.py:190} INFO - [2024-09-08T21:22:49.739-0300] {dag.py:4156} INFO - Setting next_dagrun for spotify_dag_001 to 2024-09-09 00:00:00+00:00, run_after=2024-09-10 00:00:00+00:00
[2024-09-08T21:22:49.759-0300] {processor.py:208} INFO - Processing /home/kasten/airflow/dags/spotify_dag_001.py took 0.130 seconds
[2024-09-08T21:22:51.584-0300] {processor.py:186} INFO - Started process (PID=15041) to work on /home/kasten/airflow/dags/spotify_dag_001.py
[2024-09-08T21:22:51.586-0300] {processor.py:914} INFO - Processing file /home/kasten/airflow/dags/spotify_dag_001.py for tasks to queue
[2024-09-08T21:22:51.587-0300] {logging_mixin.py:190} INFO - [2024-09-08T21:22:51.587-0300] {dagbag.py:587} INFO - Filling up the DagBag from /home/kasten/airflow/dags/spotify_dag_001.py
[2024-09-08T21:22:51.595-0300] {processor.py:925} INFO - DAG(s) 'spotify_dag_001' retrieved from /home/kasten/airflow/dags/spotify_dag_001.py
[2024-09-08T21:22:51.604-0300] {logging_mixin.py:190} INFO - [2024-09-08T21:22:51.604-0300] {dag.py:3229} INFO - Sync 1 DAGs
[2024-09-08T21:22:51.629-0300] {logging_mixin.py:190} INFO - [2024-09-08T21:22:51.629-0300] {dag.py:4156} INFO - Setting next_dagrun for spotify_dag_001 to 2024-09-09 00:00:00+00:00, run_after=2024-09-10 00:00:00+00:00
[2024-09-08T21:22:51.653-0300] {processor.py:208} INFO - Processing /home/kasten/airflow/dags/spotify_dag_001.py took 0.076 seconds
[2024-09-08T21:23:10.522-0300] {processor.py:186} INFO - Started process (PID=15114) to work on /home/kasten/airflow/dags/spotify_dag_001.py
[2024-09-08T21:23:10.523-0300] {processor.py:914} INFO - Processing file /home/kasten/airflow/dags/spotify_dag_001.py for tasks to queue
[2024-09-08T21:23:10.524-0300] {logging_mixin.py:190} INFO - [2024-09-08T21:23:10.524-0300] {dagbag.py:587} INFO - Filling up the DagBag from /home/kasten/airflow/dags/spotify_dag_001.py
[2024-09-08T21:23:10.532-0300] {processor.py:925} INFO - DAG(s) 'spotify_dag_001' retrieved from /home/kasten/airflow/dags/spotify_dag_001.py
[2024-09-08T21:23:10.537-0300] {logging_mixin.py:190} INFO - [2024-09-08T21:23:10.536-0300] {dag.py:3229} INFO - Sync 1 DAGs
[2024-09-08T21:23:10.554-0300] {logging_mixin.py:190} INFO - [2024-09-08T21:23:10.554-0300] {dag.py:4156} INFO - Setting next_dagrun for spotify_dag_001 to 2024-09-09 00:00:00+00:00, run_after=2024-09-10 00:00:00+00:00
[2024-09-08T21:23:10.572-0300] {processor.py:208} INFO - Processing /home/kasten/airflow/dags/spotify_dag_001.py took 0.055 seconds
[2024-09-08T21:23:21.739-0300] {processor.py:186} INFO - Started process (PID=15123) to work on /home/kasten/airflow/dags/spotify_dag_001.py
[2024-09-08T21:23:21.740-0300] {processor.py:914} INFO - Processing file /home/kasten/airflow/dags/spotify_dag_001.py for tasks to queue
[2024-09-08T21:23:21.741-0300] {logging_mixin.py:190} INFO - [2024-09-08T21:23:21.741-0300] {dagbag.py:587} INFO - Filling up the DagBag from /home/kasten/airflow/dags/spotify_dag_001.py
[2024-09-08T21:23:21.749-0300] {processor.py:925} INFO - DAG(s) 'spotify_dag_001' retrieved from /home/kasten/airflow/dags/spotify_dag_001.py
[2024-09-08T21:23:21.832-0300] {logging_mixin.py:190} INFO - [2024-09-08T21:23:21.832-0300] {dag.py:3229} INFO - Sync 1 DAGs
[2024-09-08T21:23:21.847-0300] {logging_mixin.py:190} INFO - [2024-09-08T21:23:21.846-0300] {dag.py:4156} INFO - Setting next_dagrun for spotify_dag_001 to 2024-09-09 00:00:00+00:00, run_after=2024-09-10 00:00:00+00:00
[2024-09-08T21:23:21.874-0300] {processor.py:208} INFO - Processing /home/kasten/airflow/dags/spotify_dag_001.py took 0.138 seconds
[2024-09-08T21:23:28.914-0300] {processor.py:186} INFO - Started process (PID=15178) to work on /home/kasten/airflow/dags/spotify_dag_001.py
[2024-09-08T21:23:28.914-0300] {processor.py:914} INFO - Processing file /home/kasten/airflow/dags/spotify_dag_001.py for tasks to queue
[2024-09-08T21:23:28.916-0300] {logging_mixin.py:190} INFO - [2024-09-08T21:23:28.915-0300] {dagbag.py:587} INFO - Filling up the DagBag from /home/kasten/airflow/dags/spotify_dag_001.py
[2024-09-08T21:23:28.923-0300] {processor.py:925} INFO - DAG(s) 'spotify_dag_001' retrieved from /home/kasten/airflow/dags/spotify_dag_001.py
[2024-09-08T21:23:28.927-0300] {logging_mixin.py:190} INFO - [2024-09-08T21:23:28.926-0300] {dag.py:3229} INFO - Sync 1 DAGs
[2024-09-08T21:23:28.942-0300] {logging_mixin.py:190} INFO - [2024-09-08T21:23:28.942-0300] {dag.py:4156} INFO - Setting next_dagrun for spotify_dag_001 to 2024-09-09 00:00:00+00:00, run_after=2024-09-10 00:00:00+00:00
[2024-09-08T21:23:28.963-0300] {processor.py:208} INFO - Processing /home/kasten/airflow/dags/spotify_dag_001.py took 0.052 seconds
[2024-09-08T21:23:59.093-0300] {processor.py:186} INFO - Started process (PID=15363) to work on /home/kasten/airflow/dags/spotify_dag_001.py
[2024-09-08T21:23:59.094-0300] {processor.py:914} INFO - Processing file /home/kasten/airflow/dags/spotify_dag_001.py for tasks to queue
[2024-09-08T21:23:59.095-0300] {logging_mixin.py:190} INFO - [2024-09-08T21:23:59.094-0300] {dagbag.py:587} INFO - Filling up the DagBag from /home/kasten/airflow/dags/spotify_dag_001.py
[2024-09-08T21:23:59.102-0300] {processor.py:925} INFO - DAG(s) 'spotify_dag_001' retrieved from /home/kasten/airflow/dags/spotify_dag_001.py
[2024-09-08T21:23:59.182-0300] {logging_mixin.py:190} INFO - [2024-09-08T21:23:59.182-0300] {dag.py:3229} INFO - Sync 1 DAGs
[2024-09-08T21:23:59.195-0300] {logging_mixin.py:190} INFO - [2024-09-08T21:23:59.195-0300] {dag.py:4156} INFO - Setting next_dagrun for spotify_dag_001 to 2024-09-09 00:00:00+00:00, run_after=2024-09-10 00:00:00+00:00
[2024-09-08T21:23:59.212-0300] {processor.py:208} INFO - Processing /home/kasten/airflow/dags/spotify_dag_001.py took 0.122 seconds
[2024-09-08T21:24:29.323-0300] {processor.py:186} INFO - Started process (PID=15569) to work on /home/kasten/airflow/dags/spotify_dag_001.py
[2024-09-08T21:24:29.324-0300] {processor.py:914} INFO - Processing file /home/kasten/airflow/dags/spotify_dag_001.py for tasks to queue
[2024-09-08T21:24:29.324-0300] {logging_mixin.py:190} INFO - [2024-09-08T21:24:29.324-0300] {dagbag.py:587} INFO - Filling up the DagBag from /home/kasten/airflow/dags/spotify_dag_001.py
[2024-09-08T21:24:29.332-0300] {processor.py:925} INFO - DAG(s) 'spotify_dag_001' retrieved from /home/kasten/airflow/dags/spotify_dag_001.py
[2024-09-08T21:24:29.348-0300] {logging_mixin.py:190} INFO - [2024-09-08T21:24:29.347-0300] {dag.py:3229} INFO - Sync 1 DAGs
[2024-09-08T21:24:29.364-0300] {logging_mixin.py:190} INFO - [2024-09-08T21:24:29.364-0300] {dag.py:4156} INFO - Setting next_dagrun for spotify_dag_001 to 2024-09-09 00:00:00+00:00, run_after=2024-09-10 00:00:00+00:00
[2024-09-08T21:24:29.381-0300] {processor.py:208} INFO - Processing /home/kasten/airflow/dags/spotify_dag_001.py took 0.062 seconds
[2024-09-08T21:24:59.546-0300] {processor.py:186} INFO - Started process (PID=15789) to work on /home/kasten/airflow/dags/spotify_dag_001.py
[2024-09-08T21:24:59.547-0300] {processor.py:914} INFO - Processing file /home/kasten/airflow/dags/spotify_dag_001.py for tasks to queue
[2024-09-08T21:24:59.549-0300] {logging_mixin.py:190} INFO - [2024-09-08T21:24:59.549-0300] {dagbag.py:587} INFO - Filling up the DagBag from /home/kasten/airflow/dags/spotify_dag_001.py
[2024-09-08T21:24:59.558-0300] {processor.py:925} INFO - DAG(s) 'spotify_dag_001' retrieved from /home/kasten/airflow/dags/spotify_dag_001.py
[2024-09-08T21:24:59.575-0300] {logging_mixin.py:190} INFO - [2024-09-08T21:24:59.575-0300] {dag.py:3229} INFO - Sync 1 DAGs
[2024-09-08T21:24:59.597-0300] {logging_mixin.py:190} INFO - [2024-09-08T21:24:59.597-0300] {dag.py:4156} INFO - Setting next_dagrun for spotify_dag_001 to 2024-09-09 00:00:00+00:00, run_after=2024-09-10 00:00:00+00:00
[2024-09-08T21:24:59.618-0300] {processor.py:208} INFO - Processing /home/kasten/airflow/dags/spotify_dag_001.py took 0.079 seconds
[2024-09-08T21:25:28.318-0300] {processor.py:186} INFO - Started process (PID=15886) to work on /home/kasten/airflow/dags/spotify_dag_001.py
[2024-09-08T21:25:28.319-0300] {processor.py:914} INFO - Processing file /home/kasten/airflow/dags/spotify_dag_001.py for tasks to queue
[2024-09-08T21:25:28.319-0300] {logging_mixin.py:190} INFO - [2024-09-08T21:25:28.319-0300] {dagbag.py:587} INFO - Filling up the DagBag from /home/kasten/airflow/dags/spotify_dag_001.py
[2024-09-08T21:25:28.327-0300] {processor.py:925} INFO - DAG(s) 'spotify_dag_001' retrieved from /home/kasten/airflow/dags/spotify_dag_001.py
[2024-09-08T21:25:28.345-0300] {logging_mixin.py:190} INFO - [2024-09-08T21:25:28.345-0300] {dag.py:3229} INFO - Sync 1 DAGs
[2024-09-08T21:25:28.362-0300] {logging_mixin.py:190} INFO - [2024-09-08T21:25:28.362-0300] {dag.py:4156} INFO - Setting next_dagrun for spotify_dag_001 to 2024-09-09 00:00:00+00:00, run_after=2024-09-10 00:00:00+00:00
[2024-09-08T21:25:28.379-0300] {processor.py:208} INFO - Processing /home/kasten/airflow/dags/spotify_dag_001.py took 0.066 seconds
[2024-09-08T21:25:58.441-0300] {processor.py:186} INFO - Started process (PID=16309) to work on /home/kasten/airflow/dags/spotify_dag_001.py
[2024-09-08T21:25:58.442-0300] {processor.py:914} INFO - Processing file /home/kasten/airflow/dags/spotify_dag_001.py for tasks to queue
[2024-09-08T21:25:58.443-0300] {logging_mixin.py:190} INFO - [2024-09-08T21:25:58.443-0300] {dagbag.py:587} INFO - Filling up the DagBag from /home/kasten/airflow/dags/spotify_dag_001.py
[2024-09-08T21:25:58.457-0300] {processor.py:925} INFO - DAG(s) 'spotify_dag_001' retrieved from /home/kasten/airflow/dags/spotify_dag_001.py
[2024-09-08T21:25:58.480-0300] {logging_mixin.py:190} INFO - [2024-09-08T21:25:58.480-0300] {dag.py:3229} INFO - Sync 1 DAGs
[2024-09-08T21:25:58.510-0300] {logging_mixin.py:190} INFO - [2024-09-08T21:25:58.510-0300] {dag.py:4156} INFO - Setting next_dagrun for spotify_dag_001 to 2024-09-09 00:00:00+00:00, run_after=2024-09-10 00:00:00+00:00
[2024-09-08T21:25:58.554-0300] {processor.py:208} INFO - Processing /home/kasten/airflow/dags/spotify_dag_001.py took 0.119 seconds
[2024-09-08T21:26:25.279-0300] {processor.py:186} INFO - Started process (PID=16583) to work on /home/kasten/airflow/dags/spotify_dag_001.py
[2024-09-08T21:26:25.280-0300] {processor.py:914} INFO - Processing file /home/kasten/airflow/dags/spotify_dag_001.py for tasks to queue
[2024-09-08T21:26:25.281-0300] {logging_mixin.py:190} INFO - [2024-09-08T21:26:25.281-0300] {dagbag.py:587} INFO - Filling up the DagBag from /home/kasten/airflow/dags/spotify_dag_001.py
[2024-09-08T21:26:25.289-0300] {processor.py:925} INFO - DAG(s) 'spotify_dag_001' retrieved from /home/kasten/airflow/dags/spotify_dag_001.py
[2024-09-08T21:26:25.374-0300] {logging_mixin.py:190} INFO - [2024-09-08T21:26:25.373-0300] {dag.py:3229} INFO - Sync 1 DAGs
[2024-09-08T21:26:25.388-0300] {logging_mixin.py:190} INFO - [2024-09-08T21:26:25.388-0300] {dag.py:4156} INFO - Setting next_dagrun for spotify_dag_001 to 2024-09-09 00:00:00+00:00, run_after=2024-09-10 00:00:00+00:00
[2024-09-08T21:26:25.407-0300] {processor.py:208} INFO - Processing /home/kasten/airflow/dags/spotify_dag_001.py took 0.132 seconds
[2024-09-08T21:26:31.366-0300] {processor.py:186} INFO - Started process (PID=16623) to work on /home/kasten/airflow/dags/spotify_dag_001.py
[2024-09-08T21:26:31.367-0300] {processor.py:914} INFO - Processing file /home/kasten/airflow/dags/spotify_dag_001.py for tasks to queue
[2024-09-08T21:26:31.368-0300] {logging_mixin.py:190} INFO - [2024-09-08T21:26:31.367-0300] {dagbag.py:587} INFO - Filling up the DagBag from /home/kasten/airflow/dags/spotify_dag_001.py
[2024-09-08T21:26:31.377-0300] {processor.py:925} INFO - DAG(s) 'spotify_dag_001' retrieved from /home/kasten/airflow/dags/spotify_dag_001.py
[2024-09-08T21:26:31.383-0300] {logging_mixin.py:190} INFO - [2024-09-08T21:26:31.382-0300] {dag.py:3229} INFO - Sync 1 DAGs
[2024-09-08T21:26:31.400-0300] {logging_mixin.py:190} INFO - [2024-09-08T21:26:31.400-0300] {dag.py:4156} INFO - Setting next_dagrun for spotify_dag_001 to 2024-09-09 00:00:00+00:00, run_after=2024-09-10 00:00:00+00:00
[2024-09-08T21:26:31.429-0300] {processor.py:208} INFO - Processing /home/kasten/airflow/dags/spotify_dag_001.py took 0.068 seconds
[2024-09-08T21:26:53.440-0300] {processor.py:186} INFO - Started process (PID=16790) to work on /home/kasten/airflow/dags/spotify_dag_001.py
[2024-09-08T21:26:53.440-0300] {processor.py:914} INFO - Processing file /home/kasten/airflow/dags/spotify_dag_001.py for tasks to queue
[2024-09-08T21:26:53.441-0300] {logging_mixin.py:190} INFO - [2024-09-08T21:26:53.441-0300] {dagbag.py:587} INFO - Filling up the DagBag from /home/kasten/airflow/dags/spotify_dag_001.py
[2024-09-08T21:26:53.449-0300] {processor.py:925} INFO - DAG(s) 'spotify_dag_001' retrieved from /home/kasten/airflow/dags/spotify_dag_001.py
[2024-09-08T21:26:53.454-0300] {logging_mixin.py:190} INFO - [2024-09-08T21:26:53.454-0300] {dag.py:3229} INFO - Sync 1 DAGs
[2024-09-08T21:26:53.470-0300] {logging_mixin.py:190} INFO - [2024-09-08T21:26:53.470-0300] {dag.py:4156} INFO - Setting next_dagrun for spotify_dag_001 to 2024-09-09 00:00:00+00:00, run_after=2024-09-10 00:00:00+00:00
[2024-09-08T21:26:53.490-0300] {processor.py:208} INFO - Processing /home/kasten/airflow/dags/spotify_dag_001.py took 0.054 seconds
[2024-09-08T21:26:55.565-0300] {processor.py:186} INFO - Started process (PID=16796) to work on /home/kasten/airflow/dags/spotify_dag_001.py
[2024-09-08T21:26:55.566-0300] {processor.py:914} INFO - Processing file /home/kasten/airflow/dags/spotify_dag_001.py for tasks to queue
[2024-09-08T21:26:55.567-0300] {logging_mixin.py:190} INFO - [2024-09-08T21:26:55.566-0300] {dagbag.py:587} INFO - Filling up the DagBag from /home/kasten/airflow/dags/spotify_dag_001.py
[2024-09-08T21:26:55.576-0300] {processor.py:925} INFO - DAG(s) 'spotify_dag_001' retrieved from /home/kasten/airflow/dags/spotify_dag_001.py
[2024-09-08T21:26:55.653-0300] {logging_mixin.py:190} INFO - [2024-09-08T21:26:55.652-0300] {dag.py:3229} INFO - Sync 1 DAGs
[2024-09-08T21:26:55.668-0300] {logging_mixin.py:190} INFO - [2024-09-08T21:26:55.668-0300] {dag.py:4156} INFO - Setting next_dagrun for spotify_dag_001 to 2024-09-09 00:00:00+00:00, run_after=2024-09-10 00:00:00+00:00
[2024-09-08T21:26:55.685-0300] {processor.py:208} INFO - Processing /home/kasten/airflow/dags/spotify_dag_001.py took 0.123 seconds
[2024-09-08T21:27:25.818-0300] {processor.py:186} INFO - Started process (PID=17017) to work on /home/kasten/airflow/dags/spotify_dag_001.py
[2024-09-08T21:27:25.828-0300] {processor.py:914} INFO - Processing file /home/kasten/airflow/dags/spotify_dag_001.py for tasks to queue
[2024-09-08T21:27:25.829-0300] {logging_mixin.py:190} INFO - [2024-09-08T21:27:25.829-0300] {dagbag.py:587} INFO - Filling up the DagBag from /home/kasten/airflow/dags/spotify_dag_001.py
[2024-09-08T21:27:25.837-0300] {processor.py:925} INFO - DAG(s) 'spotify_dag_001' retrieved from /home/kasten/airflow/dags/spotify_dag_001.py
[2024-09-08T21:27:25.856-0300] {logging_mixin.py:190} INFO - [2024-09-08T21:27:25.856-0300] {dag.py:3229} INFO - Sync 1 DAGs
[2024-09-08T21:27:25.876-0300] {logging_mixin.py:190} INFO - [2024-09-08T21:27:25.876-0300] {dag.py:4156} INFO - Setting next_dagrun for spotify_dag_001 to 2024-09-09 00:00:00+00:00, run_after=2024-09-10 00:00:00+00:00
[2024-09-08T21:27:25.894-0300] {processor.py:208} INFO - Processing /home/kasten/airflow/dags/spotify_dag_001.py took 0.080 seconds
[2024-09-08T21:27:35.878-0300] {processor.py:186} INFO - Started process (PID=17080) to work on /home/kasten/airflow/dags/spotify_dag_001.py
[2024-09-08T21:27:35.878-0300] {processor.py:914} INFO - Processing file /home/kasten/airflow/dags/spotify_dag_001.py for tasks to queue
[2024-09-08T21:27:35.879-0300] {logging_mixin.py:190} INFO - [2024-09-08T21:27:35.879-0300] {dagbag.py:587} INFO - Filling up the DagBag from /home/kasten/airflow/dags/spotify_dag_001.py
[2024-09-08T21:27:35.885-0300] {processor.py:925} INFO - DAG(s) 'spotify_dag_001' retrieved from /home/kasten/airflow/dags/spotify_dag_001.py
[2024-09-08T21:27:35.900-0300] {logging_mixin.py:190} INFO - [2024-09-08T21:27:35.899-0300] {dag.py:3229} INFO - Sync 1 DAGs
[2024-09-08T21:27:35.915-0300] {logging_mixin.py:190} INFO - [2024-09-08T21:27:35.915-0300] {dag.py:4156} INFO - Setting next_dagrun for spotify_dag_001 to 2024-09-09 00:00:00+00:00, run_after=2024-09-10 00:00:00+00:00
[2024-09-08T21:27:35.933-0300] {processor.py:208} INFO - Processing /home/kasten/airflow/dags/spotify_dag_001.py took 0.059 seconds
[2024-09-08T21:28:06.145-0300] {processor.py:186} INFO - Started process (PID=17291) to work on /home/kasten/airflow/dags/spotify_dag_001.py
[2024-09-08T21:28:06.161-0300] {processor.py:914} INFO - Processing file /home/kasten/airflow/dags/spotify_dag_001.py for tasks to queue
[2024-09-08T21:28:06.162-0300] {logging_mixin.py:190} INFO - [2024-09-08T21:28:06.162-0300] {dagbag.py:587} INFO - Filling up the DagBag from /home/kasten/airflow/dags/spotify_dag_001.py
[2024-09-08T21:28:06.169-0300] {processor.py:925} INFO - DAG(s) 'spotify_dag_001' retrieved from /home/kasten/airflow/dags/spotify_dag_001.py
[2024-09-08T21:28:06.183-0300] {logging_mixin.py:190} INFO - [2024-09-08T21:28:06.182-0300] {dag.py:3229} INFO - Sync 1 DAGs
[2024-09-08T21:28:06.199-0300] {logging_mixin.py:190} INFO - [2024-09-08T21:28:06.199-0300] {dag.py:4156} INFO - Setting next_dagrun for spotify_dag_001 to 2024-09-09 00:00:00+00:00, run_after=2024-09-10 00:00:00+00:00
[2024-09-08T21:28:06.217-0300] {processor.py:208} INFO - Processing /home/kasten/airflow/dags/spotify_dag_001.py took 0.075 seconds
[2024-09-08T21:28:21.315-0300] {processor.py:186} INFO - Started process (PID=17363) to work on /home/kasten/airflow/dags/spotify_dag_001.py
[2024-09-08T21:28:21.316-0300] {processor.py:914} INFO - Processing file /home/kasten/airflow/dags/spotify_dag_001.py for tasks to queue
[2024-09-08T21:28:21.317-0300] {logging_mixin.py:190} INFO - [2024-09-08T21:28:21.317-0300] {dagbag.py:587} INFO - Filling up the DagBag from /home/kasten/airflow/dags/spotify_dag_001.py
[2024-09-08T21:28:21.325-0300] {processor.py:925} INFO - DAG(s) 'spotify_dag_001' retrieved from /home/kasten/airflow/dags/spotify_dag_001.py
[2024-09-08T21:28:21.344-0300] {logging_mixin.py:190} INFO - [2024-09-08T21:28:21.343-0300] {dag.py:3229} INFO - Sync 1 DAGs
[2024-09-08T21:28:21.367-0300] {logging_mixin.py:190} INFO - [2024-09-08T21:28:21.367-0300] {dag.py:4156} INFO - Setting next_dagrun for spotify_dag_001 to 2024-09-09 00:00:00+00:00, run_after=2024-09-10 00:00:00+00:00
[2024-09-08T21:28:21.389-0300] {processor.py:208} INFO - Processing /home/kasten/airflow/dags/spotify_dag_001.py took 0.079 seconds
[2024-09-08T21:28:51.817-0300] {processor.py:186} INFO - Started process (PID=17631) to work on /home/kasten/airflow/dags/spotify_dag_001.py
[2024-09-08T21:28:51.817-0300] {processor.py:914} INFO - Processing file /home/kasten/airflow/dags/spotify_dag_001.py for tasks to queue
[2024-09-08T21:28:51.818-0300] {logging_mixin.py:190} INFO - [2024-09-08T21:28:51.818-0300] {dagbag.py:587} INFO - Filling up the DagBag from /home/kasten/airflow/dags/spotify_dag_001.py
[2024-09-08T21:28:51.825-0300] {processor.py:925} INFO - DAG(s) 'spotify_dag_001' retrieved from /home/kasten/airflow/dags/spotify_dag_001.py
[2024-09-08T21:28:51.838-0300] {logging_mixin.py:190} INFO - [2024-09-08T21:28:51.838-0300] {dag.py:3229} INFO - Sync 1 DAGs
[2024-09-08T21:28:51.853-0300] {logging_mixin.py:190} INFO - [2024-09-08T21:28:51.853-0300] {dag.py:4156} INFO - Setting next_dagrun for spotify_dag_001 to 2024-09-09 00:00:00+00:00, run_after=2024-09-10 00:00:00+00:00
[2024-09-08T21:28:51.871-0300] {processor.py:208} INFO - Processing /home/kasten/airflow/dags/spotify_dag_001.py took 0.057 seconds
[2024-09-08T21:28:56.865-0300] {processor.py:186} INFO - Started process (PID=17665) to work on /home/kasten/airflow/dags/spotify_dag_001.py
[2024-09-08T21:28:56.866-0300] {processor.py:914} INFO - Processing file /home/kasten/airflow/dags/spotify_dag_001.py for tasks to queue
[2024-09-08T21:28:56.868-0300] {logging_mixin.py:190} INFO - [2024-09-08T21:28:56.867-0300] {dagbag.py:587} INFO - Filling up the DagBag from /home/kasten/airflow/dags/spotify_dag_001.py
[2024-09-08T21:28:56.875-0300] {processor.py:925} INFO - DAG(s) 'spotify_dag_001' retrieved from /home/kasten/airflow/dags/spotify_dag_001.py
[2024-09-08T21:28:56.953-0300] {logging_mixin.py:190} INFO - [2024-09-08T21:28:56.952-0300] {dag.py:3229} INFO - Sync 1 DAGs
[2024-09-08T21:28:56.967-0300] {logging_mixin.py:190} INFO - [2024-09-08T21:28:56.967-0300] {dag.py:4156} INFO - Setting next_dagrun for spotify_dag_001 to 2024-09-09 00:00:00+00:00, run_after=2024-09-10 00:00:00+00:00
[2024-09-08T21:28:56.984-0300] {processor.py:208} INFO - Processing /home/kasten/airflow/dags/spotify_dag_001.py took 0.123 seconds
[2024-09-08T21:29:29.226-0300] {processor.py:186} INFO - Started process (PID=18039) to work on /home/kasten/airflow/dags/spotify_dag_001.py
[2024-09-08T21:29:29.227-0300] {processor.py:914} INFO - Processing file /home/kasten/airflow/dags/spotify_dag_001.py for tasks to queue
[2024-09-08T21:29:29.228-0300] {logging_mixin.py:190} INFO - [2024-09-08T21:29:29.228-0300] {dagbag.py:587} INFO - Filling up the DagBag from /home/kasten/airflow/dags/spotify_dag_001.py
[2024-09-08T21:29:29.239-0300] {processor.py:925} INFO - DAG(s) 'spotify_dag_001' retrieved from /home/kasten/airflow/dags/spotify_dag_001.py
[2024-09-08T21:29:29.263-0300] {logging_mixin.py:190} INFO - [2024-09-08T21:29:29.262-0300] {dag.py:3229} INFO - Sync 1 DAGs
[2024-09-08T21:29:29.291-0300] {logging_mixin.py:190} INFO - [2024-09-08T21:29:29.291-0300] {dag.py:4156} INFO - Setting next_dagrun for spotify_dag_001 to 2024-09-09 00:00:00+00:00, run_after=2024-09-10 00:00:00+00:00
[2024-09-08T21:29:29.316-0300] {processor.py:208} INFO - Processing /home/kasten/airflow/dags/spotify_dag_001.py took 0.098 seconds
[2024-09-08T21:29:59.397-0300] {processor.py:186} INFO - Started process (PID=18168) to work on /home/kasten/airflow/dags/spotify_dag_001.py
[2024-09-08T21:29:59.402-0300] {processor.py:914} INFO - Processing file /home/kasten/airflow/dags/spotify_dag_001.py for tasks to queue
[2024-09-08T21:29:59.403-0300] {logging_mixin.py:190} INFO - [2024-09-08T21:29:59.403-0300] {dagbag.py:587} INFO - Filling up the DagBag from /home/kasten/airflow/dags/spotify_dag_001.py
[2024-09-08T21:29:59.410-0300] {processor.py:925} INFO - DAG(s) 'spotify_dag_001' retrieved from /home/kasten/airflow/dags/spotify_dag_001.py
[2024-09-08T21:29:59.424-0300] {logging_mixin.py:190} INFO - [2024-09-08T21:29:59.424-0300] {dag.py:3229} INFO - Sync 1 DAGs
[2024-09-08T21:29:59.440-0300] {logging_mixin.py:190} INFO - [2024-09-08T21:29:59.440-0300] {dag.py:4156} INFO - Setting next_dagrun for spotify_dag_001 to 2024-09-09 00:00:00+00:00, run_after=2024-09-10 00:00:00+00:00
[2024-09-08T21:29:59.456-0300] {processor.py:208} INFO - Processing /home/kasten/airflow/dags/spotify_dag_001.py took 0.063 seconds
[2024-09-08T21:30:29.596-0300] {processor.py:186} INFO - Started process (PID=18356) to work on /home/kasten/airflow/dags/spotify_dag_001.py
[2024-09-08T21:30:29.597-0300] {processor.py:914} INFO - Processing file /home/kasten/airflow/dags/spotify_dag_001.py for tasks to queue
[2024-09-08T21:30:29.598-0300] {logging_mixin.py:190} INFO - [2024-09-08T21:30:29.597-0300] {dagbag.py:587} INFO - Filling up the DagBag from /home/kasten/airflow/dags/spotify_dag_001.py
[2024-09-08T21:30:29.604-0300] {processor.py:925} INFO - DAG(s) 'spotify_dag_001' retrieved from /home/kasten/airflow/dags/spotify_dag_001.py
[2024-09-08T21:30:29.619-0300] {logging_mixin.py:190} INFO - [2024-09-08T21:30:29.618-0300] {dag.py:3229} INFO - Sync 1 DAGs
[2024-09-08T21:30:29.634-0300] {logging_mixin.py:190} INFO - [2024-09-08T21:30:29.634-0300] {dag.py:4156} INFO - Setting next_dagrun for spotify_dag_001 to 2024-09-09 00:00:00+00:00, run_after=2024-09-10 00:00:00+00:00
[2024-09-08T21:30:29.663-0300] {processor.py:208} INFO - Processing /home/kasten/airflow/dags/spotify_dag_001.py took 0.070 seconds
[2024-09-08T21:30:59.812-0300] {processor.py:186} INFO - Started process (PID=18559) to work on /home/kasten/airflow/dags/spotify_dag_001.py
[2024-09-08T21:30:59.813-0300] {processor.py:914} INFO - Processing file /home/kasten/airflow/dags/spotify_dag_001.py for tasks to queue
[2024-09-08T21:30:59.814-0300] {logging_mixin.py:190} INFO - [2024-09-08T21:30:59.813-0300] {dagbag.py:587} INFO - Filling up the DagBag from /home/kasten/airflow/dags/spotify_dag_001.py
[2024-09-08T21:30:59.821-0300] {processor.py:925} INFO - DAG(s) 'spotify_dag_001' retrieved from /home/kasten/airflow/dags/spotify_dag_001.py
[2024-09-08T21:30:59.835-0300] {logging_mixin.py:190} INFO - [2024-09-08T21:30:59.835-0300] {dag.py:3229} INFO - Sync 1 DAGs
[2024-09-08T21:30:59.851-0300] {logging_mixin.py:190} INFO - [2024-09-08T21:30:59.851-0300] {dag.py:4156} INFO - Setting next_dagrun for spotify_dag_001 to 2024-09-09 00:00:00+00:00, run_after=2024-09-10 00:00:00+00:00
[2024-09-08T21:30:59.870-0300] {processor.py:208} INFO - Processing /home/kasten/airflow/dags/spotify_dag_001.py took 0.062 seconds
[2024-09-08T21:31:30.005-0300] {processor.py:186} INFO - Started process (PID=18742) to work on /home/kasten/airflow/dags/spotify_dag_001.py
[2024-09-08T21:31:30.006-0300] {processor.py:914} INFO - Processing file /home/kasten/airflow/dags/spotify_dag_001.py for tasks to queue
[2024-09-08T21:31:30.007-0300] {logging_mixin.py:190} INFO - [2024-09-08T21:31:30.007-0300] {dagbag.py:587} INFO - Filling up the DagBag from /home/kasten/airflow/dags/spotify_dag_001.py
[2024-09-08T21:31:30.014-0300] {processor.py:925} INFO - DAG(s) 'spotify_dag_001' retrieved from /home/kasten/airflow/dags/spotify_dag_001.py
[2024-09-08T21:31:30.028-0300] {logging_mixin.py:190} INFO - [2024-09-08T21:31:30.028-0300] {dag.py:3229} INFO - Sync 1 DAGs
[2024-09-08T21:31:30.046-0300] {logging_mixin.py:190} INFO - [2024-09-08T21:31:30.046-0300] {dag.py:4156} INFO - Setting next_dagrun for spotify_dag_001 to 2024-09-09 00:00:00+00:00, run_after=2024-09-10 00:00:00+00:00
[2024-09-08T21:31:30.066-0300] {processor.py:208} INFO - Processing /home/kasten/airflow/dags/spotify_dag_001.py took 0.065 seconds
[2024-09-08T21:31:45.278-0300] {processor.py:186} INFO - Started process (PID=18840) to work on /home/kasten/airflow/dags/spotify_dag_001.py
[2024-09-08T21:31:45.279-0300] {processor.py:914} INFO - Processing file /home/kasten/airflow/dags/spotify_dag_001.py for tasks to queue
[2024-09-08T21:31:45.280-0300] {logging_mixin.py:190} INFO - [2024-09-08T21:31:45.280-0300] {dagbag.py:587} INFO - Filling up the DagBag from /home/kasten/airflow/dags/spotify_dag_001.py
[2024-09-08T21:31:45.288-0300] {processor.py:925} INFO - DAG(s) 'spotify_dag_001' retrieved from /home/kasten/airflow/dags/spotify_dag_001.py
[2024-09-08T21:31:45.303-0300] {logging_mixin.py:190} INFO - [2024-09-08T21:31:45.303-0300] {dag.py:3229} INFO - Sync 1 DAGs
[2024-09-08T21:31:45.320-0300] {logging_mixin.py:190} INFO - [2024-09-08T21:31:45.320-0300] {dag.py:4156} INFO - Setting next_dagrun for spotify_dag_001 to 2024-09-09 00:00:00+00:00, run_after=2024-09-10 00:00:00+00:00
[2024-09-08T21:31:45.337-0300] {processor.py:208} INFO - Processing /home/kasten/airflow/dags/spotify_dag_001.py took 0.063 seconds
[2024-09-08T21:31:47.445-0300] {processor.py:186} INFO - Started process (PID=18843) to work on /home/kasten/airflow/dags/spotify_dag_001.py
[2024-09-08T21:31:47.446-0300] {processor.py:914} INFO - Processing file /home/kasten/airflow/dags/spotify_dag_001.py for tasks to queue
[2024-09-08T21:31:47.447-0300] {logging_mixin.py:190} INFO - [2024-09-08T21:31:47.447-0300] {dagbag.py:587} INFO - Filling up the DagBag from /home/kasten/airflow/dags/spotify_dag_001.py
[2024-09-08T21:31:47.455-0300] {processor.py:925} INFO - DAG(s) 'spotify_dag_001' retrieved from /home/kasten/airflow/dags/spotify_dag_001.py
[2024-09-08T21:31:47.469-0300] {logging_mixin.py:190} INFO - [2024-09-08T21:31:47.469-0300] {dag.py:3229} INFO - Sync 1 DAGs
[2024-09-08T21:31:47.486-0300] {logging_mixin.py:190} INFO - [2024-09-08T21:31:47.486-0300] {dag.py:4156} INFO - Setting next_dagrun for spotify_dag_001 to 2024-09-09 00:00:00+00:00, run_after=2024-09-10 00:00:00+00:00
[2024-09-08T21:31:47.504-0300] {processor.py:208} INFO - Processing /home/kasten/airflow/dags/spotify_dag_001.py took 0.063 seconds
